#
# There is insufficient memory for the Java Runtime Environment to continue.
# Native memory allocation (malloc) failed to allocate 1004016 bytes for Chunk::new
# Possible reasons:
#   The system is out of physical RAM or swap space
#   In 32 bit mode, the process size limit was hit
# Possible solutions:
#   Reduce memory load on the system
#   Increase physical memory or swap space
#   Check if swap backing store is full
#   Use 64 bit Java on a 64 bit OS
#   Decrease Java heap size (-Xmx/-Xms)
#   Decrease number of Java threads
#   Decrease Java thread stack sizes (-Xss)
#   Set larger code cache with -XX:ReservedCodeCacheSize=
# This output file may be truncated or incomplete.
#
#  Out of Memory Error (allocation.cpp:390), pid=13044, tid=9112
#
# JRE version: Java(TM) SE Runtime Environment (8.0_60-b27) (build 1.8.0_60-b27)
# Java VM: Java HotSpot(TM) 64-Bit Server VM (25.60-b23 mixed mode windows-amd64 compressed oops)
# Failed to write core dump. Minidumps are not enabled by default on client versions of Windows
#

---------------  T H R E A D  ---------------

Current thread (0x0000000017c2c000):  JavaThread "C2 CompilerThread2" daemon [_thread_in_native, id=9112, stack(0x000000001a4f0000,0x000000001a5f0000)]

Stack: [0x000000001a4f0000,0x000000001a5f0000]
[error occurred during error reporting (printing stack bounds), id 0xc0000005]

Native frames: (J=compiled Java code, j=interpreted, Vv=VM code, C=native code)


Current CompileTask:
C2:   7921 3551       4       org.codehaus.groovy.reflection.CachedMethod::compareToCachedMethod (133 bytes)


---------------  P R O C E S S  ---------------

Java Threads: ( => current thread )
  0x000000002138d000 JavaThread "File lock request listener" [_thread_in_native, id=14204, stack(0x000000001f580000,0x000000001f680000)]
  0x000000001bc08800 JavaThread "Stdin handler" [_thread_blocked, id=1132, stack(0x000000001cde0000,0x000000001cee0000)]
  0x000000001bc07800 JavaThread "Asynchronous log dispatcher for org.gradle.launcher.daemon.server.DefaultDaemonConnection@30f59676" [_thread_blocked, id=9220, stack(0x000000001cce0000,0x000000001cde0000)]
  0x000000001ba4a800 JavaThread "Daemon worker" [_thread_in_native, id=1212, stack(0x000000001cbe0000,0x000000001cce0000)]
  0x000000001b7d4000 JavaThread "Cancel handler" [_thread_blocked, id=3500, stack(0x000000001cae0000,0x000000001cbe0000)]
  0x000000001baba000 JavaThread "Handler for socket connection from /127.0.0.1:49479 to /127.0.0.1:49480" [_thread_in_native, id=10720, stack(0x000000001c9e0000,0x000000001cae0000)]
  0x000000001bab9000 JavaThread "Daemon" [_thread_blocked, id=14788, stack(0x000000001c8e0000,0x000000001c9e0000)]
  0x000000001b469000 JavaThread "Incoming local TCP Connector on port 49479" [_thread_in_native, id=10300, stack(0x000000001c1f0000,0x000000001c2f0000)]
  0x000000001b677800 JavaThread "pool-1-thread-1" [_thread_blocked, id=12492, stack(0x000000001c0c0000,0x000000001c1c0000)]
  0x0000000019e1d000 JavaThread "Service Thread" daemon [_thread_blocked, id=8856, stack(0x000000001a6f0000,0x000000001a7f0000)]
  0x0000000019d8f800 JavaThread "C1 CompilerThread3" daemon [_thread_blocked, id=7696, stack(0x000000001a5f0000,0x000000001a6f0000)]
=>0x0000000017c2c000 JavaThread "C2 CompilerThread2" daemon [_thread_in_native, id=9112, stack(0x000000001a4f0000,0x000000001a5f0000)]
  0x0000000017c2a000 JavaThread "C2 CompilerThread1" daemon [_thread_in_native, id=7796, stack(0x000000001a3f0000,0x000000001a4f0000)]
  0x0000000019d7f800 JavaThread "C2 CompilerThread0" daemon [_thread_in_native, id=14704, stack(0x000000001a2f0000,0x000000001a3f0000)]
  0x0000000019d7c000 JavaThread "Attach Listener" daemon [_thread_blocked, id=9672, stack(0x000000001a1f0000,0x000000001a2f0000)]
  0x0000000019d32000 JavaThread "Signal Dispatcher" daemon [_thread_blocked, id=3268, stack(0x000000001a0f0000,0x000000001a1f0000)]
  0x0000000002bab800 JavaThread "Finalizer" daemon [_thread_blocked, id=11692, stack(0x0000000019b00000,0x0000000019c00000)]
  0x0000000002ba5000 JavaThread "Reference Handler" daemon [_thread_blocked, id=8992, stack(0x0000000019a00000,0x0000000019b00000)]
  0x0000000002ab2800 JavaThread "main" [_thread_blocked, id=13248, stack(0x00000000029b0000,0x0000000002ab0000)]

Other Threads:
  0x0000000017c19800 VMThread [stack: 0x0000000019900000,0x0000000019a00000] [id=6432]
  0x0000000019e7d000 WatcherThread [stack: 0x000000001a7f0000,0x000000001a8f0000] [id=14764]

VM state:not at safepoint (normal execution)

VM Mutex/Monitor currently owned by a thread: None

Heap:
 PSYoungGen      total 76800K, used 6444K [0x00000000d5580000, 0x00000000dc100000, 0x0000000100000000)
  eden space 66560K, 9% used [0x00000000d5580000,0x00000000d5bcb080,0x00000000d9680000)
  from space 10240K, 0% used [0x00000000d9680000,0x00000000d9680000,0x00000000da080000)
  to   space 11776K, 0% used [0x00000000db580000,0x00000000db580000,0x00000000dc100000)
 ParOldGen       total 99328K, used 17182K [0x0000000080000000, 0x0000000086100000, 0x00000000d5580000)
  object space 99328K, 17% used [0x0000000080000000,0x00000000810c7aa0,0x0000000086100000)
 Metaspace       used 34925K, capacity 35510K, committed 35968K, reserved 1081344K
  class space    used 4764K, capacity 4903K, committed 4992K, reserved 1048576K

Card table byte_map: [0x0000000011f70000,0x0000000012380000] byte_map_base: 0x0000000011b70000

Marking Bits: (ParMarkBitMap*) 0x000000007684a5b0
 Begin Bits: [0x0000000012e30000, 0x0000000014e30000)
 End Bits:   [0x0000000014e30000, 0x0000000016e30000)

Polling page: 0x0000000000e40000

CodeCache: size=245760Kb used=13189Kb max_used=13189Kb free=232570Kb
 bounds [0x0000000002bb0000, 0x00000000038a0000, 0x0000000011bb0000]
 total_blobs=4229 nmethods=3552 adapters=589
 compilation: enabled

Compilation events (10 events):
Event: 7.860 Thread 0x0000000019d8f800 3564   !   3       java.util.Formatter$FormatSpecifier::width (59 bytes)
Event: 7.860 Thread 0x0000000019d8f800 nmethod 3564 0x0000000003897210 code [0x00000000038973a0, 0x00000000038976f8]
Event: 7.860 Thread 0x0000000019d8f800 3565   !   3       java.util.Formatter$FormatSpecifier::precision (63 bytes)
Event: 7.860 Thread 0x0000000019d8f800 nmethod 3565 0x0000000003896a10 code [0x0000000003896bc0, 0x0000000003896fc8]
Event: 7.860 Thread 0x0000000019d8f800 3566       3       java.util.Formatter$FormatSpecifier::conversion (94 bytes)
Event: 7.862 Thread 0x0000000019d8f800 nmethod 3566 0x0000000003895150 code [0x00000000038953c0, 0x00000000038961e8]
Event: 7.862 Thread 0x0000000019d8f800 3567       3       java.util.Formatter$Conversion::isText (32 bytes)
Event: 7.862 Thread 0x0000000019d8f800 nmethod 3567 0x000000000388a710 code [0x000000000388a860, 0x000000000388a9b0]
Event: 7.862 Thread 0x0000000019d8f800 3568       3       java.util.Formatter$FormatSpecifier::checkGeneral (114 bytes)
Event: 7.863 Thread 0x0000000019d8f800 nmethod 3568 0x000000000389b7d0 code [0x000000000389ba00, 0x000000000389c748]

GC Heap History (10 events):
Event: 3.897 GC heap before
{Heap before GC invocations=7 (full 1):
 PSYoungGen      total 38400K, used 37350K [0x00000000d5580000, 0x00000000d9980000, 0x0000000100000000)
  eden space 33280K, 100% used [0x00000000d5580000,0x00000000d7600000,0x00000000d7600000)
  from space 5120K, 79% used [0x00000000d7600000,0x00000000d79f98d0,0x00000000d7b00000)
  to   space 10752K, 0% used [0x00000000d8f00000,0x00000000d8f00000,0x00000000d9980000)
 ParOldGen       total 65024K, used 8491K [0x0000000080000000, 0x0000000083f80000, 0x00000000d5580000)
  object space 65024K, 13% used [0x0000000080000000,0x000000008084afa0,0x0000000083f80000)
 Metaspace       used 26353K, capacity 26852K, committed 27008K, reserved 1073152K
  class space    used 3696K, capacity 3852K, committed 3968K, reserved 1048576K
Event: 3.903 GC heap after
Heap after GC invocations=7 (full 1):
 PSYoungGen      total 57856K, used 4954K [0x00000000d5580000, 0x00000000d9880000, 0x0000000100000000)
  eden space 48128K, 0% used [0x00000000d5580000,0x00000000d5580000,0x00000000d8480000)
  from space 9728K, 50% used [0x00000000d8f00000,0x00000000d93d6888,0x00000000d9880000)
  to   space 10240K, 0% used [0x00000000d8480000,0x00000000d8480000,0x00000000d8e80000)
 ParOldGen       total 65024K, used 8499K [0x0000000080000000, 0x0000000083f80000, 0x00000000d5580000)
  object space 65024K, 13% used [0x0000000080000000,0x000000008084cfa0,0x0000000083f80000)
 Metaspace       used 26353K, capacity 26852K, committed 27008K, reserved 1073152K
  class space    used 3696K, capacity 3852K, committed 3968K, reserved 1048576K
}
Event: 6.841 GC heap before
{Heap before GC invocations=8 (full 1):
 PSYoungGen      total 57856K, used 53082K [0x00000000d5580000, 0x00000000d9880000, 0x0000000100000000)
  eden space 48128K, 100% used [0x00000000d5580000,0x00000000d8480000,0x00000000d8480000)
  from space 9728K, 50% used [0x00000000d8f00000,0x00000000d93d6888,0x00000000d9880000)
  to   space 10240K, 0% used [0x00000000d8480000,0x00000000d8480000,0x00000000d8e80000)
 ParOldGen       total 65024K, used 8499K [0x0000000080000000, 0x0000000083f80000, 0x00000000d5580000)
  object space 65024K, 13% used [0x0000000080000000,0x000000008084cfa0,0x0000000083f80000)
 Metaspace       used 28944K, capacity 29464K, committed 29824K, reserved 1075200K
  class space    used 3975K, capacity 4128K, committed 4224K, reserved 1048576K
Event: 6.848 GC heap after
Heap after GC invocations=8 (full 1):
 PSYoungGen      total 58368K, used 6091K [0x00000000d5580000, 0x00000000daa00000, 0x0000000100000000)
  eden space 48128K, 0% used [0x00000000d5580000,0x00000000d5580000,0x00000000d8480000)
  from space 10240K, 59% used [0x00000000d8480000,0x00000000d8a72f08,0x00000000d8e80000)
  to   space 9728K, 0% used [0x00000000da080000,0x00000000da080000,0x00000000daa00000)
 ParOldGen       total 65024K, used 8571K [0x0000000080000000, 0x0000000083f80000, 0x00000000d5580000)
  object space 65024K, 13% used [0x0000000080000000,0x000000008085efb0,0x0000000083f80000)
 Metaspace       used 28944K, capacity 29464K, committed 29824K, reserved 1075200K
  class space    used 3975K, capacity 4128K, committed 4224K, reserved 1048576K
}
Event: 7.287 GC heap before
{Heap before GC invocations=9 (full 1):
 PSYoungGen      total 58368K, used 54219K [0x00000000d5580000, 0x00000000daa00000, 0x0000000100000000)
  eden space 48128K, 100% used [0x00000000d5580000,0x00000000d8480000,0x00000000d8480000)
  from space 10240K, 59% used [0x00000000d8480000,0x00000000d8a72f08,0x00000000d8e80000)
  to   space 9728K, 0% used [0x00000000da080000,0x00000000da080000,0x00000000daa00000)
 ParOldGen       total 65024K, used 8571K [0x0000000080000000, 0x0000000083f80000, 0x00000000d5580000)
  object space 65024K, 13% used [0x0000000080000000,0x000000008085efb0,0x0000000083f80000)
 Metaspace       used 32050K, capacity 32590K, committed 33024K, reserved 1077248K
  class space    used 4388K, capacity 4531K, committed 4608K, reserved 1048576K
Event: 7.297 GC heap after
Heap after GC invocations=9 (full 1):
 PSYoungGen      total 76288K, used 8219K [0x00000000d5580000, 0x00000000dad80000, 0x0000000100000000)
  eden space 66560K, 0% used [0x00000000d5580000,0x00000000d5580000,0x00000000d9680000)
  from space 9728K, 84% used [0x00000000da080000,0x00000000da886dc0,0x00000000daa00000)
  to   space 10240K, 0% used [0x00000000d9680000,0x00000000d9680000,0x00000000da080000)
 ParOldGen       total 65024K, used 8579K [0x0000000080000000, 0x0000000083f80000, 0x00000000d5580000)
  object space 65024K, 13% used [0x0000000080000000,0x0000000080860fb0,0x0000000083f80000)
 Metaspace       used 32050K, capacity 32590K, committed 33024K, reserved 1077248K
  class space    used 4388K, capacity 4531K, committed 4608K, reserved 1048576K
}
Event: 7.660 GC heap before
{Heap before GC invocations=10 (full 1):
 PSYoungGen      total 76288K, used 43954K [0x00000000d5580000, 0x00000000dad80000, 0x0000000100000000)
  eden space 66560K, 53% used [0x00000000d5580000,0x00000000d7865b88,0x00000000d9680000)
  from space 9728K, 84% used [0x00000000da080000,0x00000000da886dc0,0x00000000daa00000)
  to   space 10240K, 0% used [0x00000000d9680000,0x00000000d9680000,0x00000000da080000)
 ParOldGen       total 65024K, used 8579K [0x0000000080000000, 0x0000000083f80000, 0x00000000d5580000)
  object space 65024K, 13% used [0x0000000080000000,0x0000000080860fb0,0x0000000083f80000)
 Metaspace       used 34716K, capacity 35272K, committed 35496K, reserved 1079296K
  class space    used 4724K, capacity 4864K, committed 4864K, reserved 1048576K
Event: 7.670 GC heap after
Heap after GC invocations=10 (full 1):
 PSYoungGen      total 76800K, used 10222K [0x00000000d5580000, 0x00000000dc100000, 0x0000000100000000)
  eden space 66560K, 0% used [0x00000000d5580000,0x00000000d5580000,0x00000000d9680000)
  from space 10240K, 99% used [0x00000000d9680000,0x00000000da07b8b0,0x00000000da080000)
  to   space 11776K, 0% used [0x00000000db580000,0x00000000db580000,0x00000000dc100000)
 ParOldGen       total 65024K, used 8821K [0x0000000080000000, 0x0000000083f80000, 0x00000000d5580000)
  object space 65024K, 13% used [0x0000000080000000,0x000000008089d668,0x0000000083f80000)
 Metaspace       used 34716K, capacity 35272K, committed 35496K, reserved 1079296K
  class space    used 4724K, capacity 4864K, committed 4864K, reserved 1048576K
}
Event: 7.670 GC heap before
{Heap before GC invocations=11 (full 2):
 PSYoungGen      total 76800K, used 10222K [0x00000000d5580000, 0x00000000dc100000, 0x0000000100000000)
  eden space 66560K, 0% used [0x00000000d5580000,0x00000000d5580000,0x00000000d9680000)
  from space 10240K, 99% used [0x00000000d9680000,0x00000000da07b8b0,0x00000000da080000)
  to   space 11776K, 0% used [0x00000000db580000,0x00000000db580000,0x00000000dc100000)
 ParOldGen       total 65024K, used 8821K [0x0000000080000000, 0x0000000083f80000, 0x00000000d5580000)
  object space 65024K, 13% used [0x0000000080000000,0x000000008089d668,0x0000000083f80000)
 Metaspace       used 34716K, capacity 35272K, committed 35496K, reserved 1079296K
  class space    used 4724K, capacity 4864K, committed 4864K, reserved 1048576K
Event: 7.757 GC heap after
Heap after GC invocations=11 (full 2):
 PSYoungGen      total 76800K, used 0K [0x00000000d5580000, 0x00000000dc100000, 0x0000000100000000)
  eden space 66560K, 0% used [0x00000000d5580000,0x00000000d5580000,0x00000000d9680000)
  from space 10240K, 0% used [0x00000000d9680000,0x00000000d9680000,0x00000000da080000)
  to   space 11776K, 0% used [0x00000000db580000,0x00000000db580000,0x00000000dc100000)
 ParOldGen       total 99328K, used 17182K [0x0000000080000000, 0x0000000086100000, 0x00000000d5580000)
  object space 99328K, 17% used [0x0000000080000000,0x00000000810c7aa0,0x0000000086100000)
 Metaspace       used 34716K, capacity 35272K, committed 35496K, reserved 1079296K
  class space    used 4724K, capacity 4864K, committed 4864K, reserved 1048576K
}

Deoptimization events (10 events):
Event: 7.228 Thread 0x000000001ba4a800 Uncommon trap: reason=unstable_if action=reinterpret pc=0x0000000003706784 method=java.lang.reflect.Modifier.toString(I)Ljava/lang/String; @ 123
Event: 7.228 Thread 0x000000001ba4a800 Uncommon trap: reason=unstable_if action=reinterpret pc=0x00000000036f5804 method=java.lang.reflect.Modifier.toString(I)Ljava/lang/String; @ 123
Event: 7.473 Thread 0x000000001ba4a800 Uncommon trap: reason=bimorphic action=maybe_recompile pc=0x00000000033bb554 method=java.util.regex.Pattern$Start.match(Ljava/util/regex/Matcher;ILjava/lang/CharSequence;)Z @ 44
Event: 7.488 Thread 0x000000001ba4a800 Uncommon trap: reason=bimorphic action=maybe_recompile pc=0x00000000033bb554 method=java.util.regex.Pattern$Start.match(Ljava/util/regex/Matcher;ILjava/lang/CharSequence;)Z @ 44
Event: 7.488 Thread 0x000000001ba4a800 Uncommon trap: reason=bimorphic action=maybe_recompile pc=0x00000000033bb554 method=java.util.regex.Pattern$Start.match(Ljava/util/regex/Matcher;ILjava/lang/CharSequence;)Z @ 44
Event: 7.491 Thread 0x000000001ba4a800 Uncommon trap: reason=bimorphic action=maybe_recompile pc=0x00000000033bb554 method=java.util.regex.Pattern$Start.match(Ljava/util/regex/Matcher;ILjava/lang/CharSequence;)Z @ 44
Event: 7.545 Thread 0x000000001ba4a800 Uncommon trap: reason=unstable_if action=reinterpret pc=0x0000000003442770 method=java.lang.ThreadLocal.get()Ljava/lang/Object; @ 11
Event: 7.568 Thread 0x000000001ba4a800 Uncommon trap: reason=unstable_if action=reinterpret pc=0x00000000030c7b3c method=java.lang.CharacterDataLatin1.isWhitespace(I)Z @ 14
Event: 7.591 Thread 0x000000001ba4a800 Uncommon trap: reason=unstable_if action=reinterpret pc=0x000000000324bf6c method=java.security.CodeSource.getCertificates()[Ljava/security/cert/Certificate; @ 22
Event: 7.606 Thread 0x000000001ba4a800 Uncommon trap: reason=unstable_if action=reinterpret pc=0x000000000343e338 method=java.util.LinkedHashMap.get(Ljava/lang/Object;)Ljava/lang/Object; @ 20

Internal exceptions (10 events):
Event: 7.634 Thread 0x000000001ba4a800 Exception <a 'java/lang/ClassNotFoundException': com/android/build/gradle/internal/dsl/BuildTypeCustomizer> (0x00000000d7631b00) thrown at [C:\re\workspace\8-2-build-windows-amd64-cygwin\jdk8u60\4407\hotspot\src\share\vm\classfile\systemDictionary.cpp, lin^­|U‹@
Event: 7.636 Thread 0x000000001ba4a800 Exception <a 'java/lang/ClassNotFoundException': com/android/build/gradle/internal/dsl/BuildType_DecoratedCustomizer> (0x00000000d76781d0) thrown at [C:\re\workspace\8-2-build-windows-amd64-cygwin\jdk8u60\4407\hotspot\src\share\vm\classfile\systemDictionarBà‹*í9@
Event: 7.807 Thread 0x000000001ba4a800 Exception <a 'java/lang/ClassNotFoundException': org/gradle/api/tasks/wrapper/Wrapper_DecoratedBeanInfo> (0x00000000d58be770) thrown at [C:\re\workspace\8-2-build-windows-amd64-cygwin\jdk8u60\4407\hotspot\src\share\vm\classfile\systemDictionary.cpp, line 2q"zYr:@
Event: 7.807 Thread 0x000000001ba4a800 Exception <a 'java/lang/ClassNotFoundException': org/gradle/api/tasks/wrapper/WrapperBeanInfo> (0x00000000d58ec080) thrown at [C:\re\workspace\8-2-build-windows-amd64-cygwin\jdk8u60\4407\hotspot\src\share\vm\classfile\systemDictionary.cpp, line 210]
Event: 7.807 Thread 0x000000001ba4a800 Exception <a 'java/lang/ClassNotFoundException': org/gradle/api/DefaultTaskBeanInfo> (0x00000000d5908cc0) thrown at [C:\re\workspace\8-2-build-windows-amd64-cygwin\jdk8u60\4407\hotspot\src\share\vm\classfile\systemDictionary.cpp, line 210]
Event: 7.808 Thread 0x000000001ba4a800 Exception <a 'java/lang/ClassNotFoundException': org/gradle/api/internal/AbstractTaskBeanInfo> (0x00000000d592ad58) thrown at [C:\re\workspace\8-2-build-windows-amd64-cygwin\jdk8u60\4407\hotspot\src\share\vm\classfile\systemDictionary.cpp, line 210]
Event: 7.808 Thread 0x000000001ba4a800 Exception <a 'java/lang/ClassNotFoundException': org/gradle/api/internal/AbstractTaskCustomizer> (0x00000000d594d778) thrown at [C:\re\workspace\8-2-build-windows-amd64-cygwin\jdk8u60\4407\hotspot\src\share\vm\classfile\systemDictionary.cpp, line 210]
Event: 7.810 Thread 0x000000001ba4a800 Exception <a 'java/lang/ClassNotFoundException': org/gradle/api/DefaultTaskCustomizer> (0x00000000d59c6738) thrown at [C:\re\workspace\8-2-build-windows-amd64-cygwin\jdk8u60\4407\hotspot\src\share\vm\classfile\systemDictionary.cpp, line 210]
Event: 7.812 Thread 0x000000001ba4a800 Exception <a 'java/lang/ClassNotFoundException': org/gradle/api/tasks/wrapper/WrapperCustomizer> (0x00000000d5a028f8) thrown at [C:\re\workspace\8-2-build-windows-amd64-cygwin\jdk8u60\4407\hotspot\src\share\vm\classfile\systemDictionary.cpp, line 210]
Event: 7.814 Thread 0x000000001ba4a800 Exception <a 'java/lang/ClassNotFoundException': org/gradle/api/tasks/wrapper/Wrapper_DecoratedCustomizer> (0x00000000d5a5feb8) thrown at [C:\re\workspace\8-2-build-windows-amd64-cygwin\jdk8u60\4407\hotspot\src\share\vm\classfile\systemDictionary.cpp, line–@)5‰@

Events (10 events):
Event: 7.814 loading class org/gradle/api/tasks/wrapper/Wrapper_DecoratedCustomizer
Event: 7.814 loading class org/gradle/api/tasks/wrapper/Wrapper_DecoratedCustomizer done
Event: 7.817 loading class build_crj1uvlbae5fl5db1bbl4bu4t$_run_closure3
Event: 7.817 loading class build_crj1uvlbae5fl5db1bbl4bu4t$_run_closure3 done
Event: 7.819 loading class groovy/runtime/metaclass/build_crj1uvlbae5fl5db1bbl4bu4t$_run_closure3MetaClass
Event: 7.819 loading class groovy/runtime/metaclass/build_crj1uvlbae5fl5db1bbl4bu4t$_run_closure3MetaClass done
Event: 7.820 loading class groovy/lang/ProxyMetaClass
Event: 7.820 loading class groovy/lang/ProxyMetaClass done
Event: 7.820 loading class org/gradle/api/internal/plugins/DefaultObjectConfigurationAction$1
Event: 7.820 loading class org/gradle/api/internal/plugins/DefaultObjectConfigurationAction$1 done


Dynamic libraries:
0x00007ff78a650000 - 0x00007ff78a687000 	C:\Program Files\Java\jdk1.8.0_60\bin\java.exe
0x00007fff23b00000 - 0x00007fff23cd1000 	C:\WINDOWS\SYSTEM32\ntdll.dll
0x00007fff238b0000 - 0x00007fff2395b000 	C:\WINDOWS\System32\KERNEL32.DLL
0x00007fff0a4a0000 - 0x00007fff0a4d3000 	C:\Program Files\AVAST Software\Avast\x64\aswhooka.dll
0x00007fff207f0000 - 0x00007fff20a0d000 	C:\WINDOWS\System32\KERNELBASE.dll
0x00007fff218e0000 - 0x00007fff21982000 	C:\WINDOWS\System32\ADVAPI32.dll
0x00007fff22eb0000 - 0x00007fff22f4e000 	C:\WINDOWS\System32\msvcrt.dll
0x00007fff23680000 - 0x00007fff236d9000 	C:\WINDOWS\System32\sechost.dll
0x00007fff217b0000 - 0x00007fff218d1000 	C:\WINDOWS\System32\RPCRT4.dll
0x00007fff21090000 - 0x00007fff211f5000 	C:\WINDOWS\System32\USER32.dll
0x00007fff20d10000 - 0x00007fff20d2e000 	C:\WINDOWS\System32\win32u.dll
0x00007fff21700000 - 0x00007fff21734000 	C:\WINDOWS\System32\GDI32.dll
0x00007fff20d30000 - 0x00007fff20eb2000 	C:\WINDOWS\System32\gdi32full.dll
0x00007fff0d7f0000 - 0x00007fff0da6a000 	C:\WINDOWS\WinSxS\amd64_microsoft.windows.common-controls_6595b64144ccf1df_6.0.14393.953_none_42151e83c686086b\COMCTL32.dll
0x00007fff23080000 - 0x00007fff23348000 	C:\WINDOWS\System32\combase.dll
0x00007fff20a10000 - 0x00007fff20b05000 	C:\WINDOWS\System32\ucrtbase.dll
0x00007fff200a0000 - 0x00007fff2010a000 	C:\WINDOWS\System32\bcryptPrimitives.dll
0x00007fff23880000 - 0x00007fff238ae000 	C:\WINDOWS\System32\IMM32.DLL
0x00000000768d0000 - 0x00000000769a2000 	C:\Program Files\Java\jdk1.8.0_60\jre\bin\msvcr100.dll
0x0000000076040000 - 0x00000000768c9000 	C:\Program Files\Java\jdk1.8.0_60\jre\bin\server\jvm.dll
0x00007fff23650000 - 0x00007fff23658000 	C:\WINDOWS\System32\PSAPI.DLL
0x00007fff0f9b0000 - 0x00007fff0f9b9000 	C:\WINDOWS\SYSTEM32\WSOCK32.dll
0x00007fff23010000 - 0x00007fff2307a000 	C:\WINDOWS\System32\WS2_32.dll
0x00007fff1e1e0000 - 0x00007fff1e203000 	C:\WINDOWS\SYSTEM32\WINMM.dll
0x00007fff152e0000 - 0x00007fff152ea000 	C:\WINDOWS\SYSTEM32\VERSION.dll
0x00007fff1dad0000 - 0x00007fff1dafb000 	C:\WINDOWS\SYSTEM32\WINMMBASE.dll
0x00007fff20b10000 - 0x00007fff20b52000 	C:\WINDOWS\System32\cfgmgr32.dll
0x0000000051360000 - 0x000000005136f000 	C:\Program Files\Java\jdk1.8.0_60\jre\bin\verify.dll
0x0000000076f30000 - 0x0000000076f59000 	C:\Program Files\Java\jdk1.8.0_60\jre\bin\java.dll
0x0000000076f10000 - 0x0000000076f26000 	C:\Program Files\Java\jdk1.8.0_60\jre\bin\zip.dll
0x00007fff219a0000 - 0x00007fff22ea9000 	C:\WINDOWS\System32\SHELL32.dll
0x00007fff20110000 - 0x00007fff207ea000 	C:\WINDOWS\System32\windows.storage.dll
0x00007fff1ffa0000 - 0x00007fff1ffec000 	C:\WINDOWS\System32\powrprof.dll
0x00007fff23aa0000 - 0x00007fff23af2000 	C:\WINDOWS\System32\shlwapi.dll
0x00007fff1ff90000 - 0x00007fff1ff9f000 	C:\WINDOWS\System32\kernel.appcore.dll
0x00007fff20b60000 - 0x00007fff20c09000 	C:\WINDOWS\System32\shcore.dll
0x00007fff1ff60000 - 0x00007fff1ff74000 	C:\WINDOWS\System32\profapi.dll
0x0000000076ef0000 - 0x0000000076f0a000 	C:\Program Files\Java\jdk1.8.0_60\jre\bin\net.dll
0x00007fff1f890000 - 0x00007fff1f8ec000 	C:\WINDOWS\system32\mswsock.dll
0x0000000076ed0000 - 0x0000000076ee1000 	C:\Program Files\Java\jdk1.8.0_60\jre\bin\nio.dll
0x00007fff06e00000 - 0x00007fff06e12000 	C:\Users\sakan_000\.gradle\native\19\windows-amd64\native-platform.dll
0x00007fff1fa40000 - 0x00007fff1fa57000 	C:\WINDOWS\SYSTEM32\CRYPTSP.dll
0x00007fff1f490000 - 0x00007fff1f4c3000 	C:\WINDOWS\system32\rsaenh.dll
0x00007fff1fb40000 - 0x00007fff1fb6b000 	C:\WINDOWS\SYSTEM32\bcrypt.dll
0x00007fff1f720000 - 0x00007fff1f73f000 	C:\WINDOWS\SYSTEM32\USERENV.dll
0x00007fff1fa30000 - 0x00007fff1fa3b000 	C:\WINDOWS\SYSTEM32\CRYPTBASE.dll
0x00007fff1f610000 - 0x00007fff1f648000 	C:\WINDOWS\SYSTEM32\IPHLPAPI.DLL
0x00007fff21990000 - 0x00007fff21998000 	C:\WINDOWS\System32\NSI.dll
0x00007fff1ae50000 - 0x00007fff1ae66000 	C:\WINDOWS\SYSTEM32\dhcpcsvc6.DLL
0x00007fff1ae30000 - 0x00007fff1ae4a000 	C:\WINDOWS\SYSTEM32\dhcpcsvc.DLL
0x0000000050000000 - 0x000000005000d000 	C:\Program Files\Java\jdk1.8.0_60\jre\bin\management.dll

VM Arguments:
jvm_args: -Xmx2048m -Dfile.encoding=x-windows-949 -Duser.country=GB -Duser.language=en -Duser.variant 
java_command: org.gradle.launcher.daemon.bootstrap.GradleDaemon 2.14.1
java_class_path (initial): C:\Users\sakan_000\.gradle\wrapper\dists\gradle-2.14.1-all\53l0mv9mggp9q5m2ip574m21oh\gradle-2.14.1\lib\gradle-launcher-2.14.1.jar
Launcher Type: SUN_STANDARD

Environment Variables:
JAVA_HOME=C:\Program Files\Java\jdk1.8.0_60
CLASSPATH=C:\Users\sakan_000\Documents\Github\NHS-WhatsThePlan\App\platforms\android\\gradle\wrapper\gradle-wrapper.jar
USERNAME=bymi15
OS=Windows_NT
PROCESSOR_IDENTIFIER=Intel64 Family 6 Model 60 Stepping 3, GenuineIntel



---------------  S Y S T E M  ---------------

OS: Windows 10.0 , 64 bit Build 14393 (10.0.14393.0)

CPU:total 8 (4 cores per cpu, 2 threads per core) family 6 model 60 stepping 3, cmov, cx8, fxsr, mmx, sse, sse2, sse3, ssse3, sse4.1, sse4.2, popcnt, avx, avx2, aes, clmul, erms, lzcnt, ht, tsc, tscinvbit, bmi1, bmi2

Memory: 4k page, physical 8298776k(1877988k free), swap 10253592k(5308k free)

vm_info: Java HotSpot(TM) 64-Bit Server VM (25.60-b23) for windows-amd64 JRE (1.8.0_60-b27), built on Aug  4 2015 11:06:27 by "java_re" with MS VC++ 10.0 (VS2010)

time: Mon Apr 03 22:43:19 2017
elapsed time: 7 seconds (0d 0h 0m 7s)

