#
# There is insufficient memory for the Java Runtime Environment to continue.
# Native memory allocation (malloc) failed to allocate 976992 bytes for Chunk::new
# Possible reasons:
#   The system is out of physical RAM or swap space
#   In 32 bit mode, the process size limit was hit
# Possible solutions:
#   Reduce memory load on the system
#   Increase physical memory or swap space
#   Check if swap backing store is full
#   Use 64 bit Java on a 64 bit OS
#   Decrease Java heap size (-Xmx/-Xms)
#   Decrease number of Java threads
#   Decrease Java thread stack sizes (-Xss)
#   Set larger code cache with -XX:ReservedCodeCacheSize=
# This output file may be truncated or incomplete.
#
#  Out of Memory Error (allocation.cpp:390), pid=9664, tid=11220
#
# JRE version: Java(TM) SE Runtime Environment (8.0_60-b27) (build 1.8.0_60-b27)
# Java VM: Java HotSpot(TM) 64-Bit Server VM (25.60-b23 mixed mode windows-amd64 compressed oops)
# Failed to write core dump. Minidumps are not enabled by default on client versions of Windows
#

---------------  T H R E A D  ---------------

Current thread (0x000000001749c000):  JavaThread "C2 CompilerThread2" daemon [_thread_in_native, id=11220, stack(0x0000000019d60000,0x0000000019e60000)]

Stack: [0x0000000019d60000,0x0000000019e60000]
[error occurred during error reporting (printing stack bounds), id 0xc0000005]

Native frames: (J=compiled Java code, j=interpreted, Vv=VM code, C=native code)


Current CompileTask:
C2:   8508 3612       4       groovy.lang.MetaClassImpl$1MOPIter::methodNameAction (479 bytes)


---------------  P R O C E S S  ---------------

Java Threads: ( => current thread )
  0x000000001e0c1800 JavaThread "File lock request listener" [_thread_in_native, id=8676, stack(0x000000001ee40000,0x000000001ef40000)]
  0x000000001b006000 JavaThread "Stdin handler" [_thread_blocked, id=10548, stack(0x000000001c6a0000,0x000000001c7a0000)]
  0x000000001b35b800 JavaThread "Asynchronous log dispatcher for org.gradle.launcher.daemon.server.DefaultDaemonConnection@31c765db" [_thread_blocked, id=11016, stack(0x000000001c5a0000,0x000000001c6a0000)]
  0x000000001ac9b800 JavaThread "Daemon worker" [_thread_in_Java, id=13052, stack(0x000000001c460000,0x000000001c560000)]
  0x000000001b00a800 JavaThread "Cancel handler" [_thread_blocked, id=1056, stack(0x000000001c360000,0x000000001c460000)]
  0x000000001b36b800 JavaThread "Handler for socket connection from /127.0.0.1:65250 to /127.0.0.1:65251" [_thread_in_native, id=10712, stack(0x000000001c260000,0x000000001c360000)]
  0x000000001b36a800 JavaThread "Daemon" [_thread_blocked, id=7676, stack(0x000000001c160000,0x000000001c260000)]
  0x000000001ad8a800 JavaThread "Incoming local TCP Connector on port 65250" [_thread_in_native, id=12208, stack(0x000000001ba70000,0x000000001bb70000)]
  0x000000001ae7a800 JavaThread "pool-1-thread-1" [_thread_blocked, id=13980, stack(0x000000001b970000,0x000000001ba70000)]
  0x0000000019696000 JavaThread "Service Thread" daemon [_thread_blocked, id=9104, stack(0x0000000019f60000,0x000000001a060000)]
  0x00000000195fe800 JavaThread "C1 CompilerThread3" daemon [_thread_in_native, id=1768, stack(0x0000000019e60000,0x0000000019f60000)]
=>0x000000001749c000 JavaThread "C2 CompilerThread2" daemon [_thread_in_native, id=11220, stack(0x0000000019d60000,0x0000000019e60000)]
  0x000000001749a000 JavaThread "C2 CompilerThread1" daemon [_thread_in_native, id=10804, stack(0x0000000019c60000,0x0000000019d60000)]
  0x00000000195ef800 JavaThread "C2 CompilerThread0" daemon [_thread_in_native, id=9064, stack(0x0000000019b60000,0x0000000019c60000)]
  0x00000000195ec000 JavaThread "Attach Listener" daemon [_thread_blocked, id=264, stack(0x0000000019a60000,0x0000000019b60000)]
  0x00000000195a1000 JavaThread "Signal Dispatcher" daemon [_thread_blocked, id=12040, stack(0x0000000019960000,0x0000000019a60000)]
  0x000000000202b000 JavaThread "Finalizer" daemon [_thread_blocked, id=11468, stack(0x0000000019370000,0x0000000019470000)]
  0x000000001748d800 JavaThread "Reference Handler" daemon [_thread_blocked, id=12356, stack(0x0000000019270000,0x0000000019370000)]
  0x0000000001f32800 JavaThread "main" [_thread_blocked, id=10348, stack(0x00000000006e0000,0x00000000007e0000)]

Other Threads:
  0x0000000017489000 VMThread [stack: 0x0000000019170000,0x0000000019270000] [id=11660]
  0x0000000019724800 WatcherThread [stack: 0x000000001a060000,0x000000001a160000] [id=5888]

VM state:not at safepoint (normal execution)

VM Mutex/Monitor currently owned by a thread: None

Heap:
 PSYoungGen      total 104448K, used 37820K [0x00000000d5580000, 0x00000000def00000, 0x0000000100000000)
  eden space 93696K, 40% used [0x00000000d5580000,0x00000000d7a6f050,0x00000000db100000)
  from space 10752K, 0% used [0x00000000db100000,0x00000000db100000,0x00000000dbb80000)
  to   space 12288K, 0% used [0x00000000de300000,0x00000000de300000,0x00000000def00000)
 ParOldGen       total 64512K, used 17725K [0x0000000080000000, 0x0000000083f00000, 0x00000000d5580000)
  object space 64512K, 27% used [0x0000000080000000,0x000000008114f528,0x0000000083f00000)
 Metaspace       used 35773K, capacity 36578K, committed 36992K, reserved 1081344K
  class space    used 4917K, capacity 5146K, committed 5248K, reserved 1048576K

Card table byte_map: [0x00000000117e0000,0x0000000011bf0000] byte_map_base: 0x00000000113e0000

Marking Bits: (ParMarkBitMap*) 0x000000007684a5b0
 Begin Bits: [0x00000000126a0000, 0x00000000146a0000)
 End Bits:   [0x00000000146a0000, 0x00000000166a0000)

Polling page: 0x0000000000590000

CodeCache: size=245760Kb used=13779Kb max_used=13779Kb free=231980Kb
 bounds [0x0000000002420000, 0x00000000031a0000, 0x0000000011420000]
 total_blobs=4384 nmethods=3703 adapters=592
 compilation: enabled

Compilation events (10 events):
Event: 8.478 Thread 0x00000000195fe800 3714       3       org.gradle.api.internal.AbstractClassGenerator$PropertyMetaData::getType (48 bytes)
Event: 8.479 Thread 0x00000000195fe800 nmethod 3714 0x0000000003198c90 code [0x0000000003198e60, 0x0000000003199778]
Event: 8.479 Thread 0x00000000195fe800 3713       3       java.util.TreeMap$ValueIterator::<init> (12 bytes)
Event: 8.479 Thread 0x00000000195fe800 nmethod 3713 0x0000000003199a10 code [0x0000000003199b80, 0x0000000003199df0]
Event: 8.482 Thread 0x00000000195fe800 3716       3       groovy.lang.MetaClassImpl$MethodIndexAction::iterate (119 bytes)
Event: 8.483 Thread 0x00000000195fe800 nmethod 3716 0x0000000003199f10 code [0x000000000319a100, 0x000000000319abd8]
Event: 8.487 Thread 0x00000000195fe800 3717       3       java.io.FileInputStream::<init> (110 bytes)
Event: 8.488 Thread 0x00000000195fe800 nmethod 3717 0x000000000319b390 code [0x000000000319b5a0, 0x000000000319c078]
Event: 8.488 Thread 0x00000000195fe800 3718       3       java.io.FileInputStream::open (6 bytes)
Event: 8.488 Thread 0x00000000195fe800 nmethod 3718 0x000000000319c4d0 code [0x000000000319c640, 0x000000000319c7c8]

GC Heap History (10 events):
Event: 2.815 GC heap before
{Heap before GC invocations=5 (full 1):
 PSYoungGen      total 71680K, used 5097K [0x00000000d5580000, 0x00000000da080000, 0x0000000100000000)
  eden space 66560K, 0% used [0x00000000d5580000,0x00000000d5580000,0x00000000d9680000)
  from space 5120K, 99% used [0x00000000d9b80000,0x00000000da07a610,0x00000000da080000)
  to   space 5120K, 0% used [0x00000000d9680000,0x00000000d9680000,0x00000000d9b80000)
 ParOldGen       total 87552K, used 8134K [0x0000000080000000, 0x0000000085580000, 0x00000000d5580000)
  object space 87552K, 9% used [0x0000000080000000,0x00000000807f1b00,0x0000000085580000)
 Metaspace       used 20860K, capacity 21184K, committed 21296K, reserved 1067008K
  class space    used 2810K, capacity 2929K, committed 2944K, reserved 1048576K
Event: 2.866 GC heap after
Heap after GC invocations=5 (full 1):
 PSYoungGen      total 71680K, used 0K [0x00000000d5580000, 0x00000000da080000, 0x0000000100000000)
  eden space 66560K, 0% used [0x00000000d5580000,0x00000000d5580000,0x00000000d9680000)
  from space 5120K, 0% used [0x00000000d9b80000,0x00000000d9b80000,0x00000000da080000)
  to   space 5120K, 0% used [0x00000000d9680000,0x00000000d9680000,0x00000000d9b80000)
 ParOldGen       total 64512K, used 8487K [0x0000000080000000, 0x0000000083f00000, 0x00000000d5580000)
  object space 64512K, 13% used [0x0000000080000000,0x0000000080849e78,0x0000000083f00000)
 Metaspace       used 20860K, capacity 21184K, committed 21296K, reserved 1067008K
  class space    used 2810K, capacity 2929K, committed 2944K, reserved 1048576K
}
Event: 3.958 GC heap before
{Heap before GC invocations=6 (full 1):
 PSYoungGen      total 71680K, used 66560K [0x00000000d5580000, 0x00000000da080000, 0x0000000100000000)
  eden space 66560K, 100% used [0x00000000d5580000,0x00000000d9680000,0x00000000d9680000)
  from space 5120K, 0% used [0x00000000d9b80000,0x00000000d9b80000,0x00000000da080000)
  to   space 5120K, 0% used [0x00000000d9680000,0x00000000d9680000,0x00000000d9b80000)
 ParOldGen       total 64512K, used 8487K [0x0000000080000000, 0x0000000083f00000, 0x00000000d5580000)
  object space 64512K, 13% used [0x0000000080000000,0x0000000080849e78,0x0000000083f00000)
 Metaspace       used 26184K, capacity 26598K, committed 26880K, reserved 1073152K
  class space    used 3681K, capacity 3815K, committed 3840K, reserved 1048576K
Event: 3.966 GC heap after
Heap after GC invocations=6 (full 1):
 PSYoungGen      total 71680K, used 5113K [0x00000000d5580000, 0x00000000dc780000, 0x0000000100000000)
  eden space 66560K, 0% used [0x00000000d5580000,0x00000000d5580000,0x00000000d9680000)
  from space 5120K, 99% used [0x00000000d9680000,0x00000000d9b7e770,0x00000000d9b80000)
  to   space 10240K, 0% used [0x00000000dbd80000,0x00000000dbd80000,0x00000000dc780000)
 ParOldGen       total 64512K, used 10549K [0x0000000080000000, 0x0000000083f00000, 0x00000000d5580000)
  object space 64512K, 16% used [0x0000000080000000,0x0000000080a4d540,0x0000000083f00000)
 Metaspace       used 26184K, capacity 26598K, committed 26880K, reserved 1073152K
  class space    used 3681K, capacity 3815K, committed 3840K, reserved 1048576K
}
Event: 7.175 GC heap before
{Heap before GC invocations=7 (full 1):
 PSYoungGen      total 71680K, used 71673K [0x00000000d5580000, 0x00000000dc780000, 0x0000000100000000)
  eden space 66560K, 100% used [0x00000000d5580000,0x00000000d9680000,0x00000000d9680000)
  from space 5120K, 99% used [0x00000000d9680000,0x00000000d9b7e770,0x00000000d9b80000)
  to   space 10240K, 0% used [0x00000000dbd80000,0x00000000dbd80000,0x00000000dc780000)
 ParOldGen       total 64512K, used 10549K [0x0000000080000000, 0x0000000083f00000, 0x00000000d5580000)
  object space 64512K, 16% used [0x0000000080000000,0x0000000080a4d540,0x0000000083f00000)
 Metaspace       used 31060K, capacity 31664K, committed 31872K, reserved 1077248K
  class space    used 4264K, capacity 4462K, committed 4480K, reserved 1048576K
Event: 7.184 GC heap after
Heap after GC invocations=7 (full 1):
 PSYoungGen      total 101376K, used 8438K [0x00000000d5580000, 0x00000000dc600000, 0x0000000100000000)
  eden space 92672K, 0% used [0x00000000d5580000,0x00000000d5580000,0x00000000db000000)
  from space 8704K, 96% used [0x00000000dbd80000,0x00000000dc5bd900,0x00000000dc600000)
  to   space 10752K, 0% used [0x00000000db100000,0x00000000db100000,0x00000000dbb80000)
 ParOldGen       total 64512K, used 10557K [0x0000000080000000, 0x0000000083f00000, 0x00000000d5580000)
  object space 64512K, 16% used [0x0000000080000000,0x0000000080a4f540,0x0000000083f00000)
 Metaspace       used 31060K, capacity 31664K, committed 31872K, reserved 1077248K
  class space    used 4264K, capacity 4462K, committed 4480K, reserved 1048576K
}
Event: 7.773 GC heap before
{Heap before GC invocations=8 (full 1):
 PSYoungGen      total 101376K, used 75310K [0x00000000d5580000, 0x00000000dc600000, 0x0000000100000000)
  eden space 92672K, 72% used [0x00000000d5580000,0x00000000d96cdfa0,0x00000000db000000)
  from space 8704K, 96% used [0x00000000dbd80000,0x00000000dc5bd900,0x00000000dc600000)
  to   space 10752K, 0% used [0x00000000db100000,0x00000000db100000,0x00000000dbb80000)
 ParOldGen       total 64512K, used 10557K [0x0000000080000000, 0x0000000083f00000, 0x00000000d5580000)
  object space 64512K, 16% used [0x0000000080000000,0x0000000080a4f540,0x0000000083f00000)
 Metaspace       used 34704K, capacity 35242K, committed 35496K, reserved 1079296K
  class space    used 4724K, capacity 4859K, committed 4864K, reserved 1048576K
Event: 7.785 GC heap after
Heap after GC invocations=8 (full 1):
 PSYoungGen      total 104448K, used 10730K [0x00000000d5580000, 0x00000000def00000, 0x0000000100000000)
  eden space 93696K, 0% used [0x00000000d5580000,0x00000000d5580000,0x00000000db100000)
  from space 10752K, 99% used [0x00000000db100000,0x00000000dbb7aa30,0x00000000dbb80000)
  to   space 12288K, 0% used [0x00000000de300000,0x00000000de300000,0x00000000def00000)
 ParOldGen       total 64512K, used 11029K [0x0000000080000000, 0x0000000083f00000, 0x00000000d5580000)
  object space 64512K, 17% used [0x0000000080000000,0x0000000080ac5408,0x0000000083f00000)
 Metaspace       used 34704K, capacity 35242K, committed 35496K, reserved 1079296K
  class space    used 4724K, capacity 4859K, committed 4864K, reserved 1048576K
}
Event: 7.785 GC heap before
{Heap before GC invocations=9 (full 2):
 PSYoungGen      total 104448K, used 10730K [0x00000000d5580000, 0x00000000def00000, 0x0000000100000000)
  eden space 93696K, 0% used [0x00000000d5580000,0x00000000d5580000,0x00000000db100000)
  from space 10752K, 99% used [0x00000000db100000,0x00000000dbb7aa30,0x00000000dbb80000)
  to   space 12288K, 0% used [0x00000000de300000,0x00000000de300000,0x00000000def00000)
 ParOldGen       total 64512K, used 11029K [0x0000000080000000, 0x0000000083f00000, 0x00000000d5580000)
  object space 64512K, 17% used [0x0000000080000000,0x0000000080ac5408,0x0000000083f00000)
 Metaspace       used 34704K, capacity 35242K, committed 35496K, reserved 1079296K
  class space    used 4724K, capacity 4859K, committed 4864K, reserved 1048576K
Event: 7.869 GC heap after
Heap after GC invocations=9 (full 2):
 PSYoungGen      total 104448K, used 0K [0x00000000d5580000, 0x00000000def00000, 0x0000000100000000)
  eden space 93696K, 0% used [0x00000000d5580000,0x00000000d5580000,0x00000000db100000)
  from space 10752K, 0% used [0x00000000db100000,0x00000000db100000,0x00000000dbb80000)
  to   space 12288K, 0% used [0x00000000de300000,0x00000000de300000,0x00000000def00000)
 ParOldGen       total 64512K, used 17725K [0x0000000080000000, 0x0000000083f00000, 0x00000000d5580000)
  object space 64512K, 27% used [0x0000000080000000,0x000000008114f528,0x0000000083f00000)
 Metaspace       used 34704K, capacity 35242K, committed 35496K, reserved 1079296K
  class space    used 4724K, capacity 4859K, committed 4864K, reserved 1048576K
}

Deoptimization events (10 events):
Event: 7.708 Thread 0x000000001ac9b800 Uncommon trap: reason=unstable_if action=reinterpret pc=0x0000000002aa596c method=java.security.CodeSource.getCertificates()[Ljava/security/cert/Certificate; @ 22
Event: 7.721 Thread 0x000000001ac9b800 Uncommon trap: reason=unstable_if action=reinterpret pc=0x0000000002c94b7c method=java.util.LinkedHashMap.get(Ljava/lang/Object;)Ljava/lang/Object; @ 20
Event: 8.145 Thread 0x000000001ac9b800 Uncommon trap: reason=class_check action=maybe_recompile pc=0x00000000030e9f00 method=org.codehaus.groovy.reflection.ParameterTypes.getParametersTypes0()V @ 16
Event: 8.176 Thread 0x000000001ac9b800 Uncommon trap: reason=class_check action=maybe_recompile pc=0x00000000030e9f00 method=org.codehaus.groovy.reflection.ParameterTypes.getParametersTypes0()V @ 16
Event: 8.176 Thread 0x000000001ac9b800 Uncommon trap: reason=class_check action=maybe_recompile pc=0x00000000030e9f00 method=org.codehaus.groovy.reflection.ParameterTypes.getParametersTypes0()V @ 16
Event: 8.176 Thread 0x000000001ac9b800 Uncommon trap: reason=class_check action=maybe_recompile pc=0x00000000030e9f00 method=org.codehaus.groovy.reflection.ParameterTypes.getParametersTypes0()V @ 16
Event: 8.213 Thread 0x000000001ac9b800 Uncommon trap: reason=unstable_if action=reinterpret pc=0x0000000003132324 method=groovy.lang.MetaClassImpl.checkIfStdMethod(Lgroovy/lang/MetaMethod;)V @ 168
Event: 8.388 Thread 0x000000001ac9b800 Uncommon trap: reason=class_check action=maybe_recompile pc=0x0000000002c339b4 method=java.util.regex.Matcher.search(I)Z @ 86
Event: 8.395 Thread 0x000000001ac9b800 Uncommon trap: reason=class_check action=maybe_recompile pc=0x0000000002c339b4 method=java.util.regex.Matcher.search(I)Z @ 86
Event: 8.399 Thread 0x000000001ac9b800 Uncommon trap: reason=unstable_if action=reinterpret pc=0x000000000316fc14 method=groovy.lang.MetaClassImpl$2.methodNameAction(Ljava/lang/Class;Lorg/codehaus/groovy/runtime/metaclass/MetaMethodIndex$Entry;)V @ 68

Internal exceptions (10 events):
Event: 8.469 Thread 0x000000001ac9b800 Exception <a 'java/lang/ClassNotFoundException': org/gradle/api/file/DirectoryTreeBeanInfo> (0x00000000d76d75a8) thrown at [C:\re\workspace\8-2-build-windows-amd64-cygwin\jdk8u60\4407\hotspot\src\share\vm\classfile\systemDictionary.cpp, line 210]
Event: 8.469 Thread 0x000000001ac9b800 Exception <a 'java/lang/ClassNotFoundException': org/gradle/api/file/DirectoryTreeCustomizer> (0x00000000d76f95a8) thrown at [C:\re\workspace\8-2-build-windows-amd64-cygwin\jdk8u60\4407\hotspot\src\share\vm\classfile\systemDictionary.cpp, line 210]
Event: 8.470 Thread 0x000000001ac9b800 Exception <a 'java/lang/ClassNotFoundException': org/gradle/api/tasks/util/PatternFilterableBeanInfo> (0x00000000d772dba0) thrown at [C:\re\workspace\8-2-build-windows-amd64-cygwin\jdk8u60\4407\hotspot\src\share\vm\classfile\systemDictionary.cpp, line 210]∑cˇ*:Ò @
Event: 8.471 Thread 0x000000001ac9b800 Exception <a 'java/lang/ClassNotFoundException': org/gradle/api/tasks/util/PatternFilterableCustomizer> (0x00000000d7753df8) thrown at [C:\re\workspace\8-2-build-windows-amd64-cygwin\jdk8u60\4407\hotspot\src\share\vm\classfile\systemDictionary.cpp, line 21˙Ô√B;˜ @
Event: 8.483 Thread 0x000000001ac9b800 Exception <a 'java/lang/ClassNotFoundException': org/gradle/invocation/DefaultGradle_DecoratedBeanInfo> (0x00000000d7843618) thrown at [C:\re\workspace\8-2-build-windows-amd64-cygwin\jdk8u60\4407\hotspot\src\share\vm\classfile\systemDictionary.cpp, line 21Ü¯9n˜ @
Event: 8.483 Thread 0x000000001ac9b800 Exception <a 'java/lang/ClassNotFoundException': org/gradle/invocation/DefaultGradleBeanInfo> (0x00000000d7863658) thrown at [C:\re\workspace\8-2-build-windows-amd64-cygwin\jdk8u60\4407\hotspot\src\share\vm\classfile\systemDictionary.cpp, line 210]
Event: 8.484 Thread 0x000000001ac9b800 Exception <a 'java/lang/ClassNotFoundException': org/gradle/invocation/DefaultGradleCustomizer> (0x00000000d7883e50) thrown at [C:\re\workspace\8-2-build-windows-amd64-cygwin\jdk8u60\4407\hotspot\src\share\vm\classfile\systemDictionary.cpp, line 210]
Event: 8.485 Thread 0x000000001ac9b800 Exception <a 'java/lang/ClassNotFoundException': org/gradle/invocation/DefaultGradle_DecoratedCustomizer> (0x00000000d78ca828) thrown at [C:\re\workspace\8-2-build-windows-amd64-cygwin\jdk8u60\4407\hotspot\src\share\vm\classfile\systemDictionary.cpp, line (w€è˛!@
Event: 8.504 Thread 0x000000001ac9b800 Exception <a 'java/lang/ClassNotFoundException': org/gradle/execution/taskgraph/DefaultTaskGraphExecuterBeanInfo> (0x00000000d7964230) thrown at [C:\re\workspace\8-2-build-windows-amd64-cygwin\jdk8u60\4407\hotspot\src\share\vm\classfile\systemDictionary.cp1õ~a!@
Event: 8.505 Thread 0x000000001ac9b800 Exception <a 'java/lang/ClassNotFoundException': org/gradle/execution/taskgraph/DefaultTaskGraphExecuterCustomizer> (0x00000000d798c2b0) thrown at [C:\re\workspace\8-2-build-windows-amd64-cygwin\jdk8u60\4407\hotspot\src\share\vm\classfile\systemDictionary.

Events (10 events):
Event: 8.504 loading class org/gradle/execution/taskgraph/DefaultTaskGraphExecuterBeanInfo
Event: 8.504 loading class org/gradle/execution/taskgraph/DefaultTaskGraphExecuterBeanInfo done
Event: 8.504 loading class org/gradle/execution/taskgraph/DefaultTaskGraphExecuterCustomizer
Event: 8.504 loading class org/gradle/execution/taskgraph/DefaultTaskGraphExecuterCustomizer done
Event: 8.504 loading class org/gradle/execution/taskgraph/DefaultTaskGraphExecuterCustomizer
Event: 8.504 loading class org/gradle/execution/taskgraph/DefaultTaskGraphExecuterCustomizer done
Event: 8.504 loading class org/gradle/execution/taskgraph/DefaultTaskGraphExecuterCustomizer
Event: 8.504 loading class org/gradle/execution/taskgraph/DefaultTaskGraphExecuterCustomizer done
Event: 8.505 loading class org/gradle/execution/taskgraph/DefaultTaskGraphExecuterCustomizer
Event: 8.505 loading class org/gradle/execution/taskgraph/DefaultTaskGraphExecuterCustomizer done


Dynamic libraries:
0x00007ff78a650000 - 0x00007ff78a687000 	C:\Program Files\Java\jdk1.8.0_60\bin\java.exe
0x00007fff23b00000 - 0x00007fff23cd1000 	C:\WINDOWS\SYSTEM32\ntdll.dll
0x00007fff238b0000 - 0x00007fff2395b000 	C:\WINDOWS\System32\KERNEL32.DLL
0x00007fff0a4a0000 - 0x00007fff0a4d3000 	C:\Program Files\AVAST Software\Avast\x64\aswhooka.dll
0x00007fff207f0000 - 0x00007fff20a0d000 	C:\WINDOWS\System32\KERNELBASE.dll
0x00007fff218e0000 - 0x00007fff21982000 	C:\WINDOWS\System32\ADVAPI32.dll
0x00007fff22eb0000 - 0x00007fff22f4e000 	C:\WINDOWS\System32\msvcrt.dll
0x00007fff23680000 - 0x00007fff236d9000 	C:\WINDOWS\System32\sechost.dll
0x00007fff217b0000 - 0x00007fff218d1000 	C:\WINDOWS\System32\RPCRT4.dll
0x00007fff21090000 - 0x00007fff211f5000 	C:\WINDOWS\System32\USER32.dll
0x00007fff20d10000 - 0x00007fff20d2e000 	C:\WINDOWS\System32\win32u.dll
0x00007fff21700000 - 0x00007fff21734000 	C:\WINDOWS\System32\GDI32.dll
0x00007fff20d30000 - 0x00007fff20eb2000 	C:\WINDOWS\System32\gdi32full.dll
0x00007fff0d7f0000 - 0x00007fff0da6a000 	C:\WINDOWS\WinSxS\amd64_microsoft.windows.common-controls_6595b64144ccf1df_6.0.14393.953_none_42151e83c686086b\COMCTL32.dll
0x00007fff23080000 - 0x00007fff23348000 	C:\WINDOWS\System32\combase.dll
0x00007fff20a10000 - 0x00007fff20b05000 	C:\WINDOWS\System32\ucrtbase.dll
0x00007fff200a0000 - 0x00007fff2010a000 	C:\WINDOWS\System32\bcryptPrimitives.dll
0x00007fff23880000 - 0x00007fff238ae000 	C:\WINDOWS\System32\IMM32.DLL
0x00000000768d0000 - 0x00000000769a2000 	C:\Program Files\Java\jdk1.8.0_60\jre\bin\msvcr100.dll
0x0000000076040000 - 0x00000000768c9000 	C:\Program Files\Java\jdk1.8.0_60\jre\bin\server\jvm.dll
0x00007fff23650000 - 0x00007fff23658000 	C:\WINDOWS\System32\PSAPI.DLL
0x00007fff0f9b0000 - 0x00007fff0f9b9000 	C:\WINDOWS\SYSTEM32\WSOCK32.dll
0x00007fff23010000 - 0x00007fff2307a000 	C:\WINDOWS\System32\WS2_32.dll
0x00007fff1e1e0000 - 0x00007fff1e203000 	C:\WINDOWS\SYSTEM32\WINMM.dll
0x00007fff152e0000 - 0x00007fff152ea000 	C:\WINDOWS\SYSTEM32\VERSION.dll
0x00007fff1dad0000 - 0x00007fff1dafb000 	C:\WINDOWS\SYSTEM32\WINMMBASE.dll
0x00007fff20b10000 - 0x00007fff20b52000 	C:\WINDOWS\System32\cfgmgr32.dll
0x0000000051360000 - 0x000000005136f000 	C:\Program Files\Java\jdk1.8.0_60\jre\bin\verify.dll
0x0000000076f30000 - 0x0000000076f59000 	C:\Program Files\Java\jdk1.8.0_60\jre\bin\java.dll
0x0000000076f10000 - 0x0000000076f26000 	C:\Program Files\Java\jdk1.8.0_60\jre\bin\zip.dll
0x00007fff219a0000 - 0x00007fff22ea9000 	C:\WINDOWS\System32\SHELL32.dll
0x00007fff20110000 - 0x00007fff207ea000 	C:\WINDOWS\System32\windows.storage.dll
0x00007fff1ffa0000 - 0x00007fff1ffec000 	C:\WINDOWS\System32\powrprof.dll
0x00007fff23aa0000 - 0x00007fff23af2000 	C:\WINDOWS\System32\shlwapi.dll
0x00007fff1ff90000 - 0x00007fff1ff9f000 	C:\WINDOWS\System32\kernel.appcore.dll
0x00007fff20b60000 - 0x00007fff20c09000 	C:\WINDOWS\System32\shcore.dll
0x00007fff1ff60000 - 0x00007fff1ff74000 	C:\WINDOWS\System32\profapi.dll
0x0000000076ef0000 - 0x0000000076f0a000 	C:\Program Files\Java\jdk1.8.0_60\jre\bin\net.dll
0x00007fff1f890000 - 0x00007fff1f8ec000 	C:\WINDOWS\system32\mswsock.dll
0x0000000076ed0000 - 0x0000000076ee1000 	C:\Program Files\Java\jdk1.8.0_60\jre\bin\nio.dll
0x00007fff116b0000 - 0x00007fff116c2000 	C:\Users\sakan_000\.gradle\native\19\windows-amd64\native-platform.dll
0x00007fff1fa40000 - 0x00007fff1fa57000 	C:\WINDOWS\SYSTEM32\CRYPTSP.dll
0x00007fff1f490000 - 0x00007fff1f4c3000 	C:\WINDOWS\system32\rsaenh.dll
0x00007fff1fb40000 - 0x00007fff1fb6b000 	C:\WINDOWS\SYSTEM32\bcrypt.dll
0x00007fff1f720000 - 0x00007fff1f73f000 	C:\WINDOWS\SYSTEM32\USERENV.dll
0x00007fff1fa30000 - 0x00007fff1fa3b000 	C:\WINDOWS\SYSTEM32\CRYPTBASE.dll
0x00007fff1f610000 - 0x00007fff1f648000 	C:\WINDOWS\SYSTEM32\IPHLPAPI.DLL
0x00007fff21990000 - 0x00007fff21998000 	C:\WINDOWS\System32\NSI.dll
0x00007fff1ae50000 - 0x00007fff1ae66000 	C:\WINDOWS\SYSTEM32\dhcpcsvc6.DLL
0x00007fff1ae30000 - 0x00007fff1ae4a000 	C:\WINDOWS\SYSTEM32\dhcpcsvc.DLL
0x0000000050000000 - 0x000000005000d000 	C:\Program Files\Java\jdk1.8.0_60\jre\bin\management.dll

VM Arguments:
jvm_args: -Xmx2048m -Dfile.encoding=x-windows-949 -Duser.country=GB -Duser.language=en -Duser.variant 
java_command: org.gradle.launcher.daemon.bootstrap.GradleDaemon 2.14.1
java_class_path (initial): C:\Users\sakan_000\.gradle\wrapper\dists\gradle-2.14.1-all\53l0mv9mggp9q5m2ip574m21oh\gradle-2.14.1\lib\gradle-launcher-2.14.1.jar
Launcher Type: SUN_STANDARD

Environment Variables:
JAVA_HOME=C:\Program Files\Java\jdk1.8.0_60
CLASSPATH=C:\Users\sakan_000\Documents\Github\NHS-WhatsThePlan\App\platforms\android\\gradle\wrapper\gradle-wrapper.jar
USERNAME=bymi15
OS=Windows_NT
PROCESSOR_IDENTIFIER=Intel64 Family 6 Model 60 Stepping 3, GenuineIntel



---------------  S Y S T E M  ---------------

OS: Windows 10.0 , 64 bit Build 14393 (10.0.14393.0)

CPU:total 8 (4 cores per cpu, 2 threads per core) family 6 model 60 stepping 3, cmov, cx8, fxsr, mmx, sse, sse2, sse3, ssse3, sse4.1, sse4.2, popcnt, avx, avx2, aes, clmul, erms, lzcnt, ht, tsc, tscinvbit, bmi1, bmi2

Memory: 4k page, physical 8298776k(1707184k free), swap 10253592k(6056k free)

vm_info: Java HotSpot(TM) 64-Bit Server VM (25.60-b23) for windows-amd64 JRE (1.8.0_60-b27), built on Aug  4 2015 11:06:27 by "java_re" with MS VC++ 10.0 (VS2010)

time: Mon Apr 03 22:35:42 2017
elapsed time: 8 seconds (0d 0h 0m 8s)

