#
# There is insufficient memory for the Java Runtime Environment to continue.
# Native memory allocation (malloc) failed to allocate 513456 bytes for Chunk::new
# Possible reasons:
#   The system is out of physical RAM or swap space
#   In 32 bit mode, the process size limit was hit
# Possible solutions:
#   Reduce memory load on the system
#   Increase physical memory or swap space
#   Check if swap backing store is full
#   Use 64 bit Java on a 64 bit OS
#   Decrease Java heap size (-Xmx/-Xms)
#   Decrease number of Java threads
#   Decrease Java thread stack sizes (-Xss)
#   Set larger code cache with -XX:ReservedCodeCacheSize=
# This output file may be truncated or incomplete.
#
#  Out of Memory Error (allocation.cpp:390), pid=3396, tid=10668
#
# JRE version: Java(TM) SE Runtime Environment (8.0_60-b27) (build 1.8.0_60-b27)
# Java VM: Java HotSpot(TM) 64-Bit Server VM (25.60-b23 mixed mode windows-amd64 compressed oops)
# Failed to write core dump. Minidumps are not enabled by default on client versions of Windows
#

---------------  T H R E A D  ---------------

Current thread (0x000000001a02f000):  JavaThread "C2 CompilerThread0" daemon [_thread_in_native, id=10668, stack(0x000000001a5a0000,0x000000001a6a0000)]

Stack: [0x000000001a5a0000,0x000000001a6a0000]
[error occurred during error reporting (printing stack bounds), id 0xc0000005]

Native frames: (J=compiled Java code, j=interpreted, Vv=VM code, C=native code)


Current CompileTask:
C2:  13998 5172       4       java.beans.Introspector::addMethod (196 bytes)


---------------  P R O C E S S  ---------------

Java Threads: ( => current thread )
  0x0000000020504000 JavaThread "File lock request listener" [_thread_in_native, id=10248, stack(0x000000001f8d0000,0x000000001f9d0000)]
  0x000000001bc22000 JavaThread "Stdin handler" [_thread_blocked, id=9088, stack(0x000000001d130000,0x000000001d230000)]
  0x000000001bc21000 JavaThread "Asynchronous log dispatcher for org.gradle.launcher.daemon.server.DefaultDaemonConnection@19ab6237" [_thread_blocked, id=14056, stack(0x000000001d030000,0x000000001d130000)]
  0x000000001bd7f000 JavaThread "Daemon worker" [_thread_in_native, id=2700, stack(0x000000001cf30000,0x000000001d030000)]
  0x000000001bd2e800 JavaThread "Cancel handler" [_thread_blocked, id=13836, stack(0x000000001ce30000,0x000000001cf30000)]
  0x000000001bd07800 JavaThread "Handler for socket connection from /127.0.0.1:65340 to /127.0.0.1:65341" [_thread_in_native, id=7844, stack(0x000000001cd30000,0x000000001ce30000)]
  0x000000001bd07000 JavaThread "Daemon" [_thread_blocked, id=6464, stack(0x000000001cc30000,0x000000001cd30000)]
  0x000000001b7f2800 JavaThread "Incoming local TCP Connector on port 65340" [_thread_in_native, id=12444, stack(0x000000001c540000,0x000000001c640000)]
  0x000000001b82e000 JavaThread "pool-1-thread-1" [_thread_blocked, id=7080, stack(0x000000001c370000,0x000000001c470000)]
  0x000000001a0d8000 JavaThread "Service Thread" daemon [_thread_blocked, id=6352, stack(0x000000001a9a0000,0x000000001aaa0000)]
  0x000000001a03f000 JavaThread "C1 CompilerThread3" daemon [_thread_blocked, id=4660, stack(0x000000001a8a0000,0x000000001a9a0000)]
  0x0000000017edc000 JavaThread "C2 CompilerThread2" daemon [_thread_in_native, id=1844, stack(0x000000001a7a0000,0x000000001a8a0000)]
  0x0000000017eda000 JavaThread "C2 CompilerThread1" daemon [_thread_in_native, id=7464, stack(0x000000001a6a0000,0x000000001a7a0000)]
=>0x000000001a02f000 JavaThread "C2 CompilerThread0" daemon [_thread_in_native, id=10668, stack(0x000000001a5a0000,0x000000001a6a0000)]
  0x000000001a02c000 JavaThread "Attach Listener" daemon [_thread_blocked, id=12572, stack(0x000000001a4a0000,0x000000001a5a0000)]
  0x0000000019fe1000 JavaThread "Signal Dispatcher" daemon [_thread_blocked, id=6164, stack(0x000000001a3a0000,0x000000001a4a0000)]
  0x0000000002e5c800 JavaThread "Finalizer" daemon [_thread_blocked, id=13088, stack(0x0000000019d90000,0x0000000019e90000)]
  0x0000000002e56000 JavaThread "Reference Handler" daemon [_thread_blocked, id=9928, stack(0x0000000019c90000,0x0000000019d90000)]
  0x0000000002d62800 JavaThread "main" [_thread_blocked, id=2800, stack(0x0000000002c60000,0x0000000002d60000)]

Other Threads:
  0x0000000017ec9000 VMThread [stack: 0x0000000019b90000,0x0000000019c90000] [id=10436]
  0x000000001a170800 WatcherThread [stack: 0x000000001aaa0000,0x000000001aba0000] [id=14504]

VM state:not at safepoint (normal execution)

VM Mutex/Monitor currently owned by a thread: None

Heap:
 PSYoungGen      total 94720K, used 51257K [0x00000000d5580000, 0x00000000dd580000, 0x0000000100000000)
  eden space 82944K, 50% used [0x00000000d5580000,0x00000000d7e89198,0x00000000da680000)
  from space 11776K, 78% used [0x00000000da680000,0x00000000daf85600,0x00000000db200000)
  to   space 12288K, 0% used [0x00000000dc980000,0x00000000dc980000,0x00000000dd580000)
 ParOldGen       total 100352K, used 17221K [0x0000000080000000, 0x0000000086200000, 0x00000000d5580000)
  object space 100352K, 17% used [0x0000000080000000,0x00000000810d1668,0x0000000086200000)
 Metaspace       used 43688K, capacity 44788K, committed 44928K, reserved 1087488K
  class space    used 5938K, capacity 6240K, committed 6272K, reserved 1048576K

Card table byte_map: [0x0000000012220000,0x0000000012630000] byte_map_base: 0x0000000011e20000

Marking Bits: (ParMarkBitMap*) 0x000000007684a5b0
 Begin Bits: [0x00000000130e0000, 0x00000000150e0000)
 End Bits:   [0x00000000150e0000, 0x00000000170e0000)

Polling page: 0x00000000010e0000

CodeCache: size=245760Kb used=17426Kb max_used=17426Kb free=228333Kb
 bounds [0x0000000002e60000, 0x0000000003f80000, 0x0000000011e60000]
 total_blobs=5459 nmethods=4758 adapters=612
 compilation: enabled

Compilation events (10 events):
Event: 13.939 Thread 0x000000001a03f000 5196       3       java.lang.invoke.LambdaForm$DMH/419980227::invokeStatic_LL_L (15 bytes)
Event: 13.939 Thread 0x000000001a03f000 nmethod 5196 0x0000000003f592d0 code [0x0000000003f59460, 0x0000000003f599f8]
Event: 13.939 Thread 0x000000001a03f000 5197       3       java.lang.invoke.MemberName::getType (19 bytes)
Event: 13.939 Thread 0x000000001a03f000 nmethod 5197 0x0000000003f58a90 code [0x0000000003f58c20, 0x0000000003f59178]
Event: 13.946 Thread 0x000000001a03f000 5198       3       org.gradle.api.internal.project.taskfactory.AnnotationProcessingTaskFactory$Validator::attachValidationActions (53 bytes)
Event: 13.946 Thread 0x000000001a03f000 nmethod 5198 0x0000000003f57c90 code [0x0000000003f57e60, 0x0000000003f586f8]
Event: 13.946 Thread 0x000000001a03f000 5199       3       org.gradle.api.internal.project.taskfactory.AnnotationProcessingTaskFactory$PropertyInfo::<init> (12 bytes)
Event: 13.947 Thread 0x000000001a03f000 nmethod 5199 0x0000000003f578d0 code [0x0000000003f57a40, 0x0000000003f57bc8]
Event: 13.947 Thread 0x000000001a03f000 5200       3       org.gradle.api.internal.project.taskfactory.AnnotationProcessingTaskFactory$PropertyInfo::<init> (53 bytes)
Event: 13.947 Thread 0x000000001a03f000 nmethod 5200 0x0000000003f55cd0 code [0x0000000003f55e40, 0x0000000003f560b0]

GC Heap History (10 events):
Event: 7.860 GC heap before
{Heap before GC invocations=9 (full 1):
 PSYoungGen      total 57856K, used 53678K [0x00000000d5580000, 0x00000000da880000, 0x0000000100000000)
  eden space 47616K, 100% used [0x00000000d5580000,0x00000000d8400000,0x00000000d8400000)
  from space 10240K, 59% used [0x00000000d8400000,0x00000000d89eb8e0,0x00000000d8e00000)
  to   space 9728K, 0% used [0x00000000d9f00000,0x00000000d9f00000,0x00000000da880000)
 ParOldGen       total 66048K, used 8568K [0x0000000080000000, 0x0000000084080000, 0x00000000d5580000)
  object space 66048K, 12% used [0x0000000080000000,0x000000008085e200,0x0000000084080000)
 Metaspace       used 32003K, capacity 32560K, committed 33024K, reserved 1077248K
  class space    used 4382K, capacity 4526K, committed 4608K, reserved 1048576K
Event: 7.869 GC heap after
Heap after GC invocations=9 (full 1):
 PSYoungGen      total 74752K, used 8260K [0x00000000d5580000, 0x00000000dac00000, 0x0000000100000000)
  eden space 65024K, 0% used [0x00000000d5580000,0x00000000d5580000,0x00000000d9500000)
  from space 9728K, 84% used [0x00000000d9f00000,0x00000000da711258,0x00000000da880000)
  to   space 10240K, 0% used [0x00000000d9500000,0x00000000d9500000,0x00000000d9f00000)
 ParOldGen       total 66048K, used 8576K [0x0000000080000000, 0x0000000084080000, 0x00000000d5580000)
  object space 66048K, 12% used [0x0000000080000000,0x0000000080860200,0x0000000084080000)
 Metaspace       used 32003K, capacity 32560K, committed 33024K, reserved 1077248K
  class space    used 4382K, capacity 4526K, committed 4608K, reserved 1048576K
}
Event: 8.223 GC heap before
{Heap before GC invocations=10 (full 1):
 PSYoungGen      total 74752K, used 44851K [0x00000000d5580000, 0x00000000dac00000, 0x0000000100000000)
  eden space 65024K, 56% used [0x00000000d5580000,0x00000000d793bda0,0x00000000d9500000)
  from space 9728K, 84% used [0x00000000d9f00000,0x00000000da711258,0x00000000da880000)
  to   space 10240K, 0% used [0x00000000d9500000,0x00000000d9500000,0x00000000d9f00000)
 ParOldGen       total 66048K, used 8576K [0x0000000080000000, 0x0000000084080000, 0x00000000d5580000)
  object space 66048K, 12% used [0x0000000080000000,0x0000000080860200,0x0000000084080000)
 Metaspace       used 34674K, capacity 35242K, committed 35496K, reserved 1079296K
  class space    used 4717K, capacity 4859K, committed 4864K, reserved 1048576K
Event: 8.232 GC heap after
Heap after GC invocations=10 (full 1):
 PSYoungGen      total 75264K, used 10213K [0x00000000d5580000, 0x00000000dbf00000, 0x0000000100000000)
  eden space 65024K, 0% used [0x00000000d5580000,0x00000000d5580000,0x00000000d9500000)
  from space 10240K, 99% used [0x00000000d9500000,0x00000000d9ef96b0,0x00000000d9f00000)
  to   space 11776K, 0% used [0x00000000db380000,0x00000000db380000,0x00000000dbf00000)
 ParOldGen       total 66048K, used 8952K [0x0000000080000000, 0x0000000084080000, 0x00000000d5580000)
  object space 66048K, 13% used [0x0000000080000000,0x00000000808be088,0x0000000084080000)
 Metaspace       used 34674K, capacity 35242K, committed 35496K, reserved 1079296K
  class space    used 4717K, capacity 4859K, committed 4864K, reserved 1048576K
}
Event: 8.232 GC heap before
{Heap before GC invocations=11 (full 2):
 PSYoungGen      total 75264K, used 10213K [0x00000000d5580000, 0x00000000dbf00000, 0x0000000100000000)
  eden space 65024K, 0% used [0x00000000d5580000,0x00000000d5580000,0x00000000d9500000)
  from space 10240K, 99% used [0x00000000d9500000,0x00000000d9ef96b0,0x00000000d9f00000)
  to   space 11776K, 0% used [0x00000000db380000,0x00000000db380000,0x00000000dbf00000)
 ParOldGen       total 66048K, used 8952K [0x0000000080000000, 0x0000000084080000, 0x00000000d5580000)
  object space 66048K, 13% used [0x0000000080000000,0x00000000808be088,0x0000000084080000)
 Metaspace       used 34674K, capacity 35242K, committed 35496K, reserved 1079296K
  class space    used 4717K, capacity 4859K, committed 4864K, reserved 1048576K
Event: 8.310 GC heap after
Heap after GC invocations=11 (full 2):
 PSYoungGen      total 75264K, used 0K [0x00000000d5580000, 0x00000000dbf00000, 0x0000000100000000)
  eden space 65024K, 0% used [0x00000000d5580000,0x00000000d5580000,0x00000000d9500000)
  from space 10240K, 0% used [0x00000000d9500000,0x00000000d9500000,0x00000000d9f00000)
  to   space 11776K, 0% used [0x00000000db380000,0x00000000db380000,0x00000000dbf00000)
 ParOldGen       total 100352K, used 17205K [0x0000000080000000, 0x0000000086200000, 0x00000000d5580000)
  object space 100352K, 17% used [0x0000000080000000,0x00000000810cd668,0x0000000086200000)
 Metaspace       used 34674K, capacity 35242K, committed 35496K, reserved 1079296K
  class space    used 4717K, capacity 4859K, committed 4864K, reserved 1048576K
}
Event: 10.235 GC heap before
{Heap before GC invocations=12 (full 2):
 PSYoungGen      total 75264K, used 65024K [0x00000000d5580000, 0x00000000dbf00000, 0x0000000100000000)
  eden space 65024K, 100% used [0x00000000d5580000,0x00000000d9500000,0x00000000d9500000)
  from space 10240K, 0% used [0x00000000d9500000,0x00000000d9500000,0x00000000d9f00000)
  to   space 11776K, 0% used [0x00000000db380000,0x00000000db380000,0x00000000dbf00000)
 ParOldGen       total 100352K, used 17205K [0x0000000080000000, 0x0000000086200000, 0x00000000d5580000)
  object space 100352K, 17% used [0x0000000080000000,0x00000000810cd668,0x0000000086200000)
 Metaspace       used 41191K, capacity 42008K, committed 42240K, reserved 1085440K
  class space    used 5653K, capacity 5883K, committed 5888K, reserved 1048576K
Event: 10.243 GC heap after
Heap after GC invocations=12 (full 2):
 PSYoungGen      total 93184K, used 8014K [0x00000000d5580000, 0x00000000dbd80000, 0x0000000100000000)
  eden space 82944K, 0% used [0x00000000d5580000,0x00000000d5580000,0x00000000da680000)
  from space 10240K, 78% used [0x00000000db380000,0x00000000dbb53810,0x00000000dbd80000)
  to   space 11776K, 0% used [0x00000000da680000,0x00000000da680000,0x00000000db200000)
 ParOldGen       total 100352K, used 17213K [0x0000000080000000, 0x0000000086200000, 0x00000000d5580000)
  object space 100352K, 17% used [0x0000000080000000,0x00000000810cf668,0x0000000086200000)
 Metaspace       used 41191K, capacity 42008K, committed 42240K, reserved 1085440K
  class space    used 5653K, capacity 5883K, committed 5888K, reserved 1048576K
}
Event: 10.731 GC heap before
{Heap before GC invocations=13 (full 2):
 PSYoungGen      total 93184K, used 90958K [0x00000000d5580000, 0x00000000dbd80000, 0x0000000100000000)
  eden space 82944K, 100% used [0x00000000d5580000,0x00000000da680000,0x00000000da680000)
  from space 10240K, 78% used [0x00000000db380000,0x00000000dbb53810,0x00000000dbd80000)
  to   space 11776K, 0% used [0x00000000da680000,0x00000000da680000,0x00000000db200000)
 ParOldGen       total 100352K, used 17213K [0x0000000080000000, 0x0000000086200000, 0x00000000d5580000)
  object space 100352K, 17% used [0x0000000080000000,0x00000000810cf668,0x0000000086200000)
 Metaspace       used 41617K, capacity 42440K, committed 42880K, reserved 1085440K
  class space    used 5666K, capacity 5891K, committed 6016K, reserved 1048576K
Event: 10.739 GC heap after
Heap after GC invocations=13 (full 2):
 PSYoungGen      total 94720K, used 9237K [0x00000000d5580000, 0x00000000dd580000, 0x0000000100000000)
  eden space 82944K, 0% used [0x00000000d5580000,0x00000000d5580000,0x00000000da680000)
  from space 11776K, 78% used [0x00000000da680000,0x00000000daf85600,0x00000000db200000)
  to   space 12288K, 0% used [0x00000000dc980000,0x00000000dc980000,0x00000000dd580000)
 ParOldGen       total 100352K, used 17221K [0x0000000080000000, 0x0000000086200000, 0x00000000d5580000)
  object space 100352K, 17% used [0x0000000080000000,0x00000000810d1668,0x0000000086200000)
 Metaspace       used 41617K, capacity 42440K, committed 42880K, reserved 1085440K
  class space    used 5666K, capacity 5891K, committed 6016K, reserved 1048576K
}

Deoptimization events (10 events):
Event: 9.736 Thread 0x000000001bd7f000 Uncommon trap: reason=class_check action=maybe_recompile pc=0x0000000003c774b4 method=java.io.FilterInputStream.read()I @ 4
Event: 9.806 Thread 0x000000001bd7f000 Uncommon trap: reason=class_check action=maybe_recompile pc=0x00000000035d5a44 method=java.util.Hashtable.get(Ljava/lang/Object;)Ljava/lang/Object; @ 6
Event: 9.806 Thread 0x000000001bd7f000 Uncommon trap: reason=class_check action=maybe_recompile pc=0x00000000035d5a44 method=java.util.Hashtable.get(Ljava/lang/Object;)Ljava/lang/Object; @ 6
Event: 9.806 Thread 0x000000001bd7f000 Uncommon trap: reason=class_check action=maybe_recompile pc=0x00000000035d5a44 method=java.util.Hashtable.get(Ljava/lang/Object;)Ljava/lang/Object; @ 6
Event: 9.806 Thread 0x000000001bd7f000 Uncommon trap: reason=class_check action=maybe_recompile pc=0x00000000035d5a44 method=java.util.Hashtable.get(Ljava/lang/Object;)Ljava/lang/Object; @ 6
Event: 10.247 Thread 0x0000000002e5c800 Uncommon trap: reason=unstable_if action=reinterpret pc=0x00000000032c8334 method=java.lang.ref.ReferenceQueue.poll()Ljava/lang/ref/Reference; @ 4
Event: 10.740 Thread 0x0000000002e5c800 Uncommon trap: reason=unstable_if action=reinterpret pc=0x00000000034f20ac method=java.lang.ref.ReferenceQueue.poll()Ljava/lang/ref/Reference; @ 4
Event: 12.362 Thread 0x000000001bd7f000 Uncommon trap: reason=predicate action=maybe_recompile pc=0x0000000003b0595c method=java.util.Arrays$ArrayList.indexOf(Ljava/lang/Object;)I @ 42
Event: 12.365 Thread 0x000000001bc21000 Uncommon trap: reason=unstable_if action=reinterpret pc=0x00000000037d14f8 method=com.esotericsoftware.kryo.io.Output.writeString(Ljava/lang/CharSequence;)V @ 1
Event: 12.572 Thread 0x000000001bd7f000 Uncommon trap: reason=range_check action=make_not_entrant pc=0x0000000003e53d10 method=java.lang.String.charAt(I)C @ 27

Internal exceptions (10 events):
Event: 13.914 Thread 0x000000001bd7f000 Exception <a 'java/lang/ClassNotFoundException': com/android/build/gradle/internal/tasks/IncrementalTaskCustomizer> (0x00000000d7860530) thrown at [C:\re\workspace\8-2-build-windows-amd64-cygwin\jdk8u60\4407\hotspot\src\share\vm\classfile\systemDictionary.
Event: 13.915 Thread 0x000000001bd7f000 Exception <a 'java/lang/ClassNotFoundException': com/android/build/gradle/tasks/ManifestProcessorTaskCustomizer> (0x00000000d7888570) thrown at [C:\re\workspace\8-2-build-windows-amd64-cygwin\jdk8u60\4407\hotspot\src\share\vm\classfile\systemDictionary.cppÜÍèÏ§‘+@
Event: 13.915 Thread 0x000000001bd7f000 Exception <a 'java/lang/ClassNotFoundException': com/android/build/gradle/tasks/ProcessManifestCustomizer> (0x00000000d78b47a0) thrown at [C:\re\workspace\8-2-build-windows-amd64-cygwin\jdk8u60\4407\hotspot\src\share\vm\classfile\systemDictionary.cpp, lineö68€r’+@
Event: 13.917 Thread 0x000000001bd7f000 Exception <a 'java/lang/ClassNotFoundException': com/android/build/gradle/tasks/ProcessManifest_DecoratedCustomizer> (0x00000000d78fd648) thrown at [C:\re\workspace\8-2-build-windows-amd64-cygwin\jdk8u60\4407\hotspot\src\share\vm\classfile\systemDictionaryfù0⁄π€+@
Event: 13.929 Thread 0x000000001bd7f000 Exception <a 'java/lang/ClassNotFoundException': com/android/build/gradle/tasks/RenderscriptCompile_DecoratedBeanInfo> (0x00000000d7a6a3d0) thrown at [C:\re\workspace\8-2-build-windows-amd64-cygwin\jdk8u60\4407\hotspot\src\share\vm\classfile\systemDictionaüOä‰˝€+@
Event: 13.930 Thread 0x000000001bd7f000 Exception <a 'java/lang/ClassNotFoundException': com/android/build/gradle/tasks/RenderscriptCompileBeanInfo> (0x00000000d7a7d2a8) thrown at [C:\re\workspace\8-2-build-windows-amd64-cygwin\jdk8u60\4407\hotspot\src\share\vm\classfile\systemDictionary.cpp, li¢µ]G‹+@
Event: 13.930 Thread 0x000000001bd7f000 Exception <a 'java/lang/ClassNotFoundException': com/android/build/gradle/internal/tasks/NdkTaskBeanInfo> (0x00000000d7a8fd40) thrown at [C:\re\workspace\8-2-build-windows-amd64-cygwin\jdk8u60\4407\hotspot\src\share\vm\classfile\systemDictionary.cpp, line ugÂQä‹+@
Event: 13.931 Thread 0x000000001bd7f000 Exception <a 'java/lang/ClassNotFoundException': com/android/build/gradle/internal/tasks/NdkTaskCustomizer> (0x00000000d7aa2d98) thrown at [C:\re\workspace\8-2-build-windows-amd64-cygwin\jdk8u60\4407\hotspot\src\share\vm\classfile\systemDictionary.cpp, lin÷Ã¥.›+@
Event: 13.932 Thread 0x000000001bd7f000 Exception <a 'java/lang/ClassNotFoundException': com/android/build/gradle/tasks/RenderscriptCompileCustomizer> (0x00000000d7ad2d60) thrown at [C:\re\workspace\8-2-build-windows-amd64-cygwin\jdk8u60\4407\hotspot\src\share\vm\classfile\systemDictionary.cpp, „ŒÀﬁ+@
Event: 13.934 Thread 0x000000001bd7f000 Exception <a 'java/lang/ClassNotFoundException': com/android/build/gradle/tasks/RenderscriptCompile_DecoratedCustomizer> (0x00000000d7b1ca18) thrown at [C:\re\workspace\8-2-build-windows-amd64-cygwin\jdk8u60\4407\hotspot\src\share\vm\classfile\systemDictioÉ%Yg—”+@

Events (10 events):
Event: 13.991 loading class javax/xml/xpath/SecuritySupport$1 done
Event: 13.991 loading class javax/xml/xpath/XPathFactoryFinder
Event: 13.992 loading class javax/xml/xpath/XPathFactoryFinder done
Event: 13.992 loading class javax/xml/xpath/SecuritySupport$2
Event: 13.992 loading class javax/xml/xpath/SecuritySupport$2 done
Event: 13.992 loading class javax/xml/xpath/SecuritySupport$8
Event: 13.992 loading class javax/xml/xpath/SecuritySupport$8 done
Event: 13.992 loading class javax/xml/xpath/XPathFactoryFinder$2
Event: 13.992 loading class javax/xml/xpath/XPathFactoryFinder$2 done
Event: 13.992 loading class com/sun/org/apache/xpath/internal/jaxp/XPathFactoryImpl


Dynamic libraries:
0x00007ff78a650000 - 0x00007ff78a687000 	C:\Program Files\Java\jdk1.8.0_60\bin\java.exe
0x00007fff23b00000 - 0x00007fff23cd1000 	C:\WINDOWS\SYSTEM32\ntdll.dll
0x00007fff238b0000 - 0x00007fff2395b000 	C:\WINDOWS\System32\KERNEL32.DLL
0x00007fff0a4a0000 - 0x00007fff0a4d3000 	C:\Program Files\AVAST Software\Avast\x64\aswhooka.dll
0x00007fff207f0000 - 0x00007fff20a0d000 	C:\WINDOWS\System32\KERNELBASE.dll
0x00007fff218e0000 - 0x00007fff21982000 	C:\WINDOWS\System32\ADVAPI32.dll
0x00007fff22eb0000 - 0x00007fff22f4e000 	C:\WINDOWS\System32\msvcrt.dll
0x00007fff23680000 - 0x00007fff236d9000 	C:\WINDOWS\System32\sechost.dll
0x00007fff217b0000 - 0x00007fff218d1000 	C:\WINDOWS\System32\RPCRT4.dll
0x00007fff21090000 - 0x00007fff211f5000 	C:\WINDOWS\System32\USER32.dll
0x00007fff20d10000 - 0x00007fff20d2e000 	C:\WINDOWS\System32\win32u.dll
0x00007fff21700000 - 0x00007fff21734000 	C:\WINDOWS\System32\GDI32.dll
0x00007fff20d30000 - 0x00007fff20eb2000 	C:\WINDOWS\System32\gdi32full.dll
0x00007fff0d7f0000 - 0x00007fff0da6a000 	C:\WINDOWS\WinSxS\amd64_microsoft.windows.common-controls_6595b64144ccf1df_6.0.14393.953_none_42151e83c686086b\COMCTL32.dll
0x00007fff23080000 - 0x00007fff23348000 	C:\WINDOWS\System32\combase.dll
0x00007fff20a10000 - 0x00007fff20b05000 	C:\WINDOWS\System32\ucrtbase.dll
0x00007fff200a0000 - 0x00007fff2010a000 	C:\WINDOWS\System32\bcryptPrimitives.dll
0x00007fff23880000 - 0x00007fff238ae000 	C:\WINDOWS\System32\IMM32.DLL
0x00000000768d0000 - 0x00000000769a2000 	C:\Program Files\Java\jdk1.8.0_60\jre\bin\msvcr100.dll
0x0000000076040000 - 0x00000000768c9000 	C:\Program Files\Java\jdk1.8.0_60\jre\bin\server\jvm.dll
0x00007fff23650000 - 0x00007fff23658000 	C:\WINDOWS\System32\PSAPI.DLL
0x00007fff0f9b0000 - 0x00007fff0f9b9000 	C:\WINDOWS\SYSTEM32\WSOCK32.dll
0x00007fff23010000 - 0x00007fff2307a000 	C:\WINDOWS\System32\WS2_32.dll
0x00007fff1e1e0000 - 0x00007fff1e203000 	C:\WINDOWS\SYSTEM32\WINMM.dll
0x00007fff152e0000 - 0x00007fff152ea000 	C:\WINDOWS\SYSTEM32\VERSION.dll
0x00007fff1dad0000 - 0x00007fff1dafb000 	C:\WINDOWS\SYSTEM32\WINMMBASE.dll
0x00007fff20b10000 - 0x00007fff20b52000 	C:\WINDOWS\System32\cfgmgr32.dll
0x0000000051360000 - 0x000000005136f000 	C:\Program Files\Java\jdk1.8.0_60\jre\bin\verify.dll
0x0000000076f30000 - 0x0000000076f59000 	C:\Program Files\Java\jdk1.8.0_60\jre\bin\java.dll
0x0000000076f10000 - 0x0000000076f26000 	C:\Program Files\Java\jdk1.8.0_60\jre\bin\zip.dll
0x00007fff219a0000 - 0x00007fff22ea9000 	C:\WINDOWS\System32\SHELL32.dll
0x00007fff20110000 - 0x00007fff207ea000 	C:\WINDOWS\System32\windows.storage.dll
0x00007fff1ffa0000 - 0x00007fff1ffec000 	C:\WINDOWS\System32\powrprof.dll
0x00007fff23aa0000 - 0x00007fff23af2000 	C:\WINDOWS\System32\shlwapi.dll
0x00007fff1ff90000 - 0x00007fff1ff9f000 	C:\WINDOWS\System32\kernel.appcore.dll
0x00007fff20b60000 - 0x00007fff20c09000 	C:\WINDOWS\System32\shcore.dll
0x00007fff1ff60000 - 0x00007fff1ff74000 	C:\WINDOWS\System32\profapi.dll
0x0000000076ef0000 - 0x0000000076f0a000 	C:\Program Files\Java\jdk1.8.0_60\jre\bin\net.dll
0x00007fff1f890000 - 0x00007fff1f8ec000 	C:\WINDOWS\system32\mswsock.dll
0x0000000076ed0000 - 0x0000000076ee1000 	C:\Program Files\Java\jdk1.8.0_60\jre\bin\nio.dll
0x00007fff175f0000 - 0x00007fff17602000 	C:\Users\sakan_000\.gradle\native\19\windows-amd64\native-platform.dll
0x00007fff1fa40000 - 0x00007fff1fa57000 	C:\WINDOWS\SYSTEM32\CRYPTSP.dll
0x00007fff1f490000 - 0x00007fff1f4c3000 	C:\WINDOWS\system32\rsaenh.dll
0x00007fff1fb40000 - 0x00007fff1fb6b000 	C:\WINDOWS\SYSTEM32\bcrypt.dll
0x00007fff1f720000 - 0x00007fff1f73f000 	C:\WINDOWS\SYSTEM32\USERENV.dll
0x00007fff1fa30000 - 0x00007fff1fa3b000 	C:\WINDOWS\SYSTEM32\CRYPTBASE.dll
0x00007fff1f610000 - 0x00007fff1f648000 	C:\WINDOWS\SYSTEM32\IPHLPAPI.DLL
0x00007fff21990000 - 0x00007fff21998000 	C:\WINDOWS\System32\NSI.dll
0x00007fff1ae50000 - 0x00007fff1ae66000 	C:\WINDOWS\SYSTEM32\dhcpcsvc6.DLL
0x00007fff1ae30000 - 0x00007fff1ae4a000 	C:\WINDOWS\SYSTEM32\dhcpcsvc.DLL
0x0000000050000000 - 0x000000005000d000 	C:\Program Files\Java\jdk1.8.0_60\jre\bin\management.dll

VM Arguments:
jvm_args: -Xmx2048m -Dfile.encoding=x-windows-949 -Duser.country=GB -Duser.language=en -Duser.variant 
java_command: org.gradle.launcher.daemon.bootstrap.GradleDaemon 2.14.1
java_class_path (initial): C:\Users\sakan_000\.gradle\wrapper\dists\gradle-2.14.1-all\53l0mv9mggp9q5m2ip574m21oh\gradle-2.14.1\lib\gradle-launcher-2.14.1.jar
Launcher Type: SUN_STANDARD

Environment Variables:
JAVA_HOME=C:\Program Files\Java\jdk1.8.0_60
CLASSPATH=C:\Users\sakan_000\Documents\Github\NHS-WhatsThePlan\App\platforms\android\\gradle\wrapper\gradle-wrapper.jar
USERNAME=bymi15
OS=Windows_NT
PROCESSOR_IDENTIFIER=Intel64 Family 6 Model 60 Stepping 3, GenuineIntel



---------------  S Y S T E M  ---------------

OS: Windows 10.0 , 64 bit Build 14393 (10.0.14393.0)

CPU:total 8 (4 cores per cpu, 2 threads per core) family 6 model 60 stepping 3, cmov, cx8, fxsr, mmx, sse, sse2, sse3, ssse3, sse4.1, sse4.2, popcnt, avx, avx2, aes, clmul, erms, lzcnt, ht, tsc, tscinvbit, bmi1, bmi2

Memory: 4k page, physical 8298776k(1803992k free), swap 10253592k(5360k free)

vm_info: Java HotSpot(TM) 64-Bit Server VM (25.60-b23) for windows-amd64 JRE (1.8.0_60-b27), built on Aug  4 2015 11:06:27 by "java_re" with MS VC++ 10.0 (VS2010)

time: Mon Apr 03 22:36:58 2017
elapsed time: 14 seconds (0d 0h 0m 14s)

