#
# There is insufficient memory for the Java Runtime Environment to continue.
# Native memory allocation (malloc) failed to allocate 32744 bytes for ChunkPool::allocate
# Possible reasons:
#   The system is out of physical RAM or swap space
#   In 32 bit mode, the process size limit was hit
# Possible solutions:
#   Reduce memory load on the system
#   Increase physical memory or swap space
#   Check if swap backing store is full
#   Use 64 bit Java on a 64 bit OS
#   Decrease Java heap size (-Xmx/-Xms)
#   Decrease number of Java threads
#   Decrease Java thread stack sizes (-Xss)
#   Set larger code cache with -XX:ReservedCodeCacheSize=
# This output file may be truncated or incomplete.
#
#  Out of Memory Error (allocation.cpp:273), pid=13796, tid=7236
#
# JRE version: Java(TM) SE Runtime Environment (8.0_60-b27) (build 1.8.0_60-b27)
# Java VM: Java HotSpot(TM) 64-Bit Server VM (25.60-b23 mixed mode windows-amd64 compressed oops)
# Failed to write core dump. Minidumps are not enabled by default on client versions of Windows
#

---------------  T H R E A D  ---------------

Current thread (0x0000000019dba800):  JavaThread "C2 CompilerThread1" daemon [_thread_in_native, id=7236, stack(0x000000001a430000,0x000000001a530000)]

Stack: [0x000000001a430000,0x000000001a530000]
[error occurred during error reporting (printing stack bounds), id 0xc0000005]

Native frames: (J=compiled Java code, j=interpreted, Vv=VM code, C=native code)


Current CompileTask:
C2:  10299 3652   !   4       com.sun.beans.TypeResolver::resolve (274 bytes)


---------------  P R O C E S S  ---------------

Java Threads: ( => current thread )
  0x000000001ac81800 JavaThread "File lock request listener" [_thread_in_native, id=10132, stack(0x000000001eb30000,0x000000001ec30000)]
  0x000000001b57e800 JavaThread "Stdin handler" [_thread_blocked, id=6844, stack(0x000000001cea0000,0x000000001cfa0000)]
  0x000000001b57e000 JavaThread "Asynchronous log dispatcher for org.gradle.launcher.daemon.server.DefaultDaemonConnection@2fd1da0a" [_thread_blocked, id=5884, stack(0x000000001cda0000,0x000000001cea0000)]
  0x000000001b904000 JavaThread "Daemon worker" [_thread_in_native, id=13760, stack(0x000000001cca0000,0x000000001cda0000)]
  0x000000001b8fd000 JavaThread "Cancel handler" [_thread_blocked, id=9328, stack(0x000000001cba0000,0x000000001cca0000)]
  0x000000001b8c1800 JavaThread "Handler for socket connection from /127.0.0.1:64986 to /127.0.0.1:64987" [_thread_in_native, id=12100, stack(0x000000001caa0000,0x000000001cba0000)]
  0x000000001b68a800 JavaThread "Daemon" [_thread_blocked, id=1440, stack(0x000000001c9a0000,0x000000001caa0000)]
  0x000000001b445800 JavaThread "Incoming local TCP Connector on port 64986" [_thread_in_native, id=4864, stack(0x000000001c2b0000,0x000000001c3b0000)]
  0x000000001b419800 JavaThread "pool-1-thread-1" [_thread_blocked, id=8808, stack(0x000000001c1b0000,0x000000001c2b0000)]
  0x0000000019e64000 JavaThread "Service Thread" daemon [_thread_blocked, id=4988, stack(0x000000001a730000,0x000000001a830000)]
  0x0000000019dc6800 JavaThread "C1 CompilerThread3" daemon [_thread_blocked, id=15276, stack(0x000000001a630000,0x000000001a730000)]
  0x0000000019dbc000 JavaThread "C2 CompilerThread2" daemon [_thread_in_native, id=9224, stack(0x000000001a530000,0x000000001a630000)]
=>0x0000000019dba800 JavaThread "C2 CompilerThread1" daemon [_thread_in_native, id=7236, stack(0x000000001a430000,0x000000001a530000)]
  0x0000000019db8800 JavaThread "C2 CompilerThread0" daemon [_thread_blocked, id=14420, stack(0x000000001a330000,0x000000001a430000)]
  0x0000000019db5000 JavaThread "Attach Listener" daemon [_thread_blocked, id=13492, stack(0x000000001a230000,0x000000001a330000)]
  0x0000000019d6a800 JavaThread "Signal Dispatcher" daemon [_thread_blocked, id=13528, stack(0x000000001a130000,0x000000001a230000)]
  0x0000000002b8b000 JavaThread "Finalizer" daemon [_thread_blocked, id=11536, stack(0x0000000019b20000,0x0000000019c20000)]
  0x0000000017c2d800 JavaThread "Reference Handler" daemon [_thread_blocked, id=13668, stack(0x0000000019a20000,0x0000000019b20000)]
  0x0000000002a92800 JavaThread "main" [_thread_blocked, id=10892, stack(0x0000000002990000,0x0000000002a90000)]

Other Threads:
  0x0000000017c29000 VMThread [stack: 0x0000000019920000,0x0000000019a20000] [id=12072]
  0x0000000019de5000 WatcherThread [stack: 0x000000001a830000,0x000000001a930000] [id=11904]

VM state:not at safepoint (normal execution)

VM Mutex/Monitor currently owned by a thread: None

Heap:
 PSYoungGen      total 76800K, used 43106K [0x00000000d5580000, 0x00000000dc280000, 0x0000000100000000)
  eden space 66560K, 64% used [0x00000000d5580000,0x00000000d7f98848,0x00000000d9680000)
  from space 10240K, 0% used [0x00000000d9680000,0x00000000d9680000,0x00000000da080000)
  to   space 11776K, 0% used [0x00000000db700000,0x00000000db700000,0x00000000dc280000)
 ParOldGen       total 100352K, used 17163K [0x0000000080000000, 0x0000000086200000, 0x00000000d5580000)
  object space 100352K, 17% used [0x0000000080000000,0x00000000810c2e88,0x0000000086200000)
 Metaspace       used 36552K, capacity 37366K, committed 37632K, reserved 1081344K
  class space    used 5051K, capacity 5280K, committed 5376K, reserved 1048576K

Card table byte_map: [0x0000000011f50000,0x0000000012360000] byte_map_base: 0x0000000011b50000

Marking Bits: (ParMarkBitMap*) 0x000000007684a5b0
 Begin Bits: [0x0000000012e10000, 0x0000000014e10000)
 End Bits:   [0x0000000014e10000, 0x0000000016e10000)

Polling page: 0x00000000025b0000

CodeCache: size=245760Kb used=13052Kb max_used=13061Kb free=232707Kb
 bounds [0x0000000002b90000, 0x0000000003860000, 0x0000000011b90000]
 total_blobs=4203 nmethods=3521 adapters=594
 compilation: enabled

Compilation events (10 events):
Event: 10.194 Thread 0x0000000019dc6800 3733       1       java.lang.invoke.MethodType::parameterType (7 bytes)
Event: 10.194 Thread 0x0000000019dc6800 nmethod 3733 0x000000000383f990 code [0x000000000383fae0, 0x000000000383fc10]
Event: 10.247 Thread 0x0000000019dc6800 3734       3       java.lang.Exception::<init> (6 bytes)
Event: 10.248 Thread 0x0000000019dc6800 nmethod 3734 0x000000000383f3d0 code [0x000000000383f540, 0x000000000383f888]
Event: 10.248 Thread 0x0000000019dc6800 3735       3       sun.nio.fs.WindowsPathParser::nextNonSlash (24 bytes)
Event: 10.248 Thread 0x0000000019dc6800 nmethod 3735 0x000000000383ea90 code [0x000000000383ec20, 0x000000000383f168]
Event: 10.248 Thread 0x0000000019dc6800 3736       3       java.lang.StringBuilder::append (10 bytes)
Event: 10.248 Thread 0x0000000019dc6800 nmethod 3736 0x000000000383e710 code [0x000000000383e880, 0x000000000383ea08]
Event: 10.255 Thread 0x0000000019db8800 3737       4       sun.nio.fs.WindowsPathParser::isSlash (18 bytes)
Event: 10.256 Thread 0x0000000019db8800 nmethod 3737 0x00000000037ee190 code [0x00000000037ee2c0, 0x00000000037ee318]

GC Heap History (10 events):
Event: 5.334 GC heap before
{Heap before GC invocations=7 (full 1):
 PSYoungGen      total 38400K, used 37200K [0x00000000d5580000, 0x00000000d9980000, 0x0000000100000000)
  eden space 33280K, 100% used [0x00000000d5580000,0x00000000d7600000,0x00000000d7600000)
  from space 5120K, 76% used [0x00000000d7600000,0x00000000d79d4068,0x00000000d7b00000)
  to   space 10752K, 0% used [0x00000000d8f00000,0x00000000d8f00000,0x00000000d9980000)
 ParOldGen       total 65536K, used 8510K [0x0000000080000000, 0x0000000084000000, 0x00000000d5580000)
  object space 65536K, 12% used [0x0000000080000000,0x000000008084f948,0x0000000084000000)
 Metaspace       used 26278K, capacity 26694K, committed 27008K, reserved 1073152K
  class space    used 3688K, capacity 3847K, committed 3968K, reserved 1048576K
Event: 5.339 GC heap after
Heap after GC invocations=7 (full 1):
 PSYoungGen      total 58880K, used 5033K [0x00000000d5580000, 0x00000000d9980000, 0x0000000100000000)
  eden space 48128K, 0% used [0x00000000d5580000,0x00000000d5580000,0x00000000d8480000)
  from space 10752K, 46% used [0x00000000d8f00000,0x00000000d93ea610,0x00000000d9980000)
  to   space 10752K, 0% used [0x00000000d8480000,0x00000000d8480000,0x00000000d8f00000)
 ParOldGen       total 65536K, used 8518K [0x0000000080000000, 0x0000000084000000, 0x00000000d5580000)
  object space 65536K, 12% used [0x0000000080000000,0x0000000080851948,0x0000000084000000)
 Metaspace       used 26278K, capacity 26694K, committed 27008K, reserved 1073152K
  class space    used 3688K, capacity 3847K, committed 3968K, reserved 1048576K
}
Event: 8.233 GC heap before
{Heap before GC invocations=8 (full 1):
 PSYoungGen      total 58880K, used 53161K [0x00000000d5580000, 0x00000000d9980000, 0x0000000100000000)
  eden space 48128K, 100% used [0x00000000d5580000,0x00000000d8480000,0x00000000d8480000)
  from space 10752K, 46% used [0x00000000d8f00000,0x00000000d93ea610,0x00000000d9980000)
  to   space 10752K, 0% used [0x00000000d8480000,0x00000000d8480000,0x00000000d8f00000)
 ParOldGen       total 65536K, used 8518K [0x0000000080000000, 0x0000000084000000, 0x00000000d5580000)
  object space 65536K, 12% used [0x0000000080000000,0x0000000080851948,0x0000000084000000)
 Metaspace       used 28888K, capacity 29434K, committed 29824K, reserved 1075200K
  class space    used 3971K, capacity 4123K, committed 4224K, reserved 1048576K
Event: 8.242 GC heap after
Heap after GC invocations=8 (full 1):
 PSYoungGen      total 58880K, used 6160K [0x00000000d5580000, 0x00000000daa00000, 0x0000000100000000)
  eden space 48128K, 0% used [0x00000000d5580000,0x00000000d5580000,0x00000000d8480000)
  from space 10752K, 57% used [0x00000000d8480000,0x00000000d8a84358,0x00000000d8f00000)
  to   space 9728K, 0% used [0x00000000da080000,0x00000000da080000,0x00000000daa00000)
 ParOldGen       total 65536K, used 8526K [0x0000000080000000, 0x0000000084000000, 0x00000000d5580000)
  object space 65536K, 13% used [0x0000000080000000,0x0000000080853948,0x0000000084000000)
 Metaspace       used 28888K, capacity 29434K, committed 29824K, reserved 1075200K
  class space    used 3971K, capacity 4123K, committed 4224K, reserved 1048576K
}
Event: 8.776 GC heap before
{Heap before GC invocations=9 (full 1):
 PSYoungGen      total 58880K, used 54288K [0x00000000d5580000, 0x00000000daa00000, 0x0000000100000000)
  eden space 48128K, 100% used [0x00000000d5580000,0x00000000d8480000,0x00000000d8480000)
  from space 10752K, 57% used [0x00000000d8480000,0x00000000d8a84358,0x00000000d8f00000)
  to   space 9728K, 0% used [0x00000000da080000,0x00000000da080000,0x00000000daa00000)
 ParOldGen       total 65536K, used 8526K [0x0000000080000000, 0x0000000084000000, 0x00000000d5580000)
  object space 65536K, 13% used [0x0000000080000000,0x0000000080853948,0x0000000084000000)
 Metaspace       used 31975K, capacity 32560K, committed 33024K, reserved 1077248K
  class space    used 4379K, capacity 4526K, committed 4608K, reserved 1048576K
Event: 8.787 GC heap after
Heap after GC invocations=9 (full 1):
 PSYoungGen      total 76288K, used 8294K [0x00000000d5580000, 0x00000000daf80000, 0x0000000100000000)
  eden space 66560K, 0% used [0x00000000d5580000,0x00000000d5580000,0x00000000d9680000)
  from space 9728K, 85% used [0x00000000da080000,0x00000000da8999c0,0x00000000daa00000)
  to   space 10240K, 0% used [0x00000000d9680000,0x00000000d9680000,0x00000000da080000)
 ParOldGen       total 65536K, used 8534K [0x0000000080000000, 0x0000000084000000, 0x00000000d5580000)
  object space 65536K, 13% used [0x0000000080000000,0x0000000080855948,0x0000000084000000)
 Metaspace       used 31975K, capacity 32560K, committed 33024K, reserved 1077248K
  class space    used 4379K, capacity 4526K, committed 4608K, reserved 1048576K
}
Event: 9.226 GC heap before
{Heap before GC invocations=10 (full 1):
 PSYoungGen      total 76288K, used 43833K [0x00000000d5580000, 0x00000000daf80000, 0x0000000100000000)
  eden space 66560K, 53% used [0x00000000d5580000,0x00000000d7834c28,0x00000000d9680000)
  from space 9728K, 85% used [0x00000000da080000,0x00000000da8999c0,0x00000000daa00000)
  to   space 10240K, 0% used [0x00000000d9680000,0x00000000d9680000,0x00000000da080000)
 ParOldGen       total 65536K, used 8534K [0x0000000080000000, 0x0000000084000000, 0x00000000d5580000)
  object space 65536K, 13% used [0x0000000080000000,0x0000000080855948,0x0000000084000000)
 Metaspace       used 34654K, capacity 35146K, committed 35456K, reserved 1079296K
  class space    used 4718K, capacity 4891K, committed 4992K, reserved 1048576K
Event: 9.235 GC heap after
Heap after GC invocations=10 (full 1):
 PSYoungGen      total 76800K, used 10235K [0x00000000d5580000, 0x00000000dc280000, 0x0000000100000000)
  eden space 66560K, 0% used [0x00000000d5580000,0x00000000d5580000,0x00000000d9680000)
  from space 10240K, 99% used [0x00000000d9680000,0x00000000da07ec60,0x00000000da080000)
  to   space 11776K, 0% used [0x00000000db700000,0x00000000db700000,0x00000000dc280000)
 ParOldGen       total 65536K, used 8935K [0x0000000080000000, 0x0000000084000000, 0x00000000d5580000)
  object space 65536K, 13% used [0x0000000080000000,0x00000000808b9dc8,0x0000000084000000)
 Metaspace       used 34654K, capacity 35146K, committed 35456K, reserved 1079296K
  class space    used 4718K, capacity 4891K, committed 4992K, reserved 1048576K
}
Event: 9.235 GC heap before
{Heap before GC invocations=11 (full 2):
 PSYoungGen      total 76800K, used 10235K [0x00000000d5580000, 0x00000000dc280000, 0x0000000100000000)
  eden space 66560K, 0% used [0x00000000d5580000,0x00000000d5580000,0x00000000d9680000)
  from space 10240K, 99% used [0x00000000d9680000,0x00000000da07ec60,0x00000000da080000)
  to   space 11776K, 0% used [0x00000000db700000,0x00000000db700000,0x00000000dc280000)
 ParOldGen       total 65536K, used 8935K [0x0000000080000000, 0x0000000084000000, 0x00000000d5580000)
  object space 65536K, 13% used [0x0000000080000000,0x00000000808b9dc8,0x0000000084000000)
 Metaspace       used 34654K, capacity 35146K, committed 35456K, reserved 1079296K
  class space    used 4718K, capacity 4891K, committed 4992K, reserved 1048576K
Event: 9.321 GC heap after
Heap after GC invocations=11 (full 2):
 PSYoungGen      total 76800K, used 0K [0x00000000d5580000, 0x00000000dc280000, 0x0000000100000000)
  eden space 66560K, 0% used [0x00000000d5580000,0x00000000d5580000,0x00000000d9680000)
  from space 10240K, 0% used [0x00000000d9680000,0x00000000d9680000,0x00000000da080000)
  to   space 11776K, 0% used [0x00000000db700000,0x00000000db700000,0x00000000dc280000)
 ParOldGen       total 100352K, used 17163K [0x0000000080000000, 0x0000000086200000, 0x00000000d5580000)
  object space 100352K, 17% used [0x0000000080000000,0x00000000810c2e88,0x0000000086200000)
 Metaspace       used 34654K, capacity 35146K, committed 35456K, reserved 1079296K
  class space    used 4718K, capacity 4891K, committed 4992K, reserved 1048576K
}

Deoptimization events (10 events):
Event: 9.150 Thread 0x000000001b904000 Uncommon trap: reason=unstable_if action=reinterpret pc=0x000000000323efac method=java.security.CodeSource.getCertificates()[Ljava/security/cert/Certificate; @ 22
Event: 9.171 Thread 0x000000001b904000 Uncommon trap: reason=unstable_if action=reinterpret pc=0x000000000340bdfc method=java.util.LinkedHashMap.get(Ljava/lang/Object;)Ljava/lang/Object; @ 20
Event: 9.633 Thread 0x000000001b904000 Uncommon trap: reason=class_check action=maybe_recompile pc=0x00000000037a713c method=org.codehaus.groovy.reflection.ParameterTypes.getParametersTypes0()V @ 16
Event: 9.687 Thread 0x000000001b904000 Uncommon trap: reason=class_check action=maybe_recompile pc=0x00000000037a713c method=org.codehaus.groovy.reflection.ParameterTypes.getParametersTypes0()V @ 16
Event: 9.687 Thread 0x000000001b904000 Uncommon trap: reason=class_check action=maybe_recompile pc=0x00000000037a713c method=org.codehaus.groovy.reflection.ParameterTypes.getParametersTypes0()V @ 16
Event: 9.687 Thread 0x000000001b904000 Uncommon trap: reason=class_check action=maybe_recompile pc=0x00000000037a713c method=org.codehaus.groovy.reflection.ParameterTypes.getParametersTypes0()V @ 16
Event: 9.735 Thread 0x000000001b904000 Uncommon trap: reason=unstable_if action=reinterpret pc=0x00000000037c7f44 method=groovy.lang.MetaClassImpl.checkIfStdMethod(Lgroovy/lang/MetaMethod;)V @ 168
Event: 9.890 Thread 0x000000001b904000 Uncommon trap: reason=class_check action=maybe_recompile pc=0x00000000033acfb4 method=java.util.regex.Matcher.search(I)Z @ 86
Event: 9.896 Thread 0x000000001b904000 Uncommon trap: reason=class_check action=maybe_recompile pc=0x00000000033acfb4 method=java.util.regex.Matcher.search(I)Z @ 86
Event: 9.899 Thread 0x000000001b904000 Uncommon trap: reason=unstable_if action=reinterpret pc=0x00000000037fb594 method=groovy.lang.MetaClassImpl$2.methodNameAction(Ljava/lang/Class;Lorg/codehaus/groovy/runtime/metaclass/MetaMethodIndex$Entry;)V @ 68

Internal exceptions (10 events):
Event: 10.247 Thread 0x000000001b904000 Exception <a 'sun/nio/fs/WindowsException'> (0x00000000d7eedca0) thrown at [C:\re\workspace\8-2-build-windows-amd64-cygwin\jdk8u60\4407\hotspot\src\share\vm\prims\jni.cpp, line 709]
Event: 10.247 Thread 0x000000001b904000 Exception <a 'sun/nio/fs/WindowsException'> (0x00000000d7eee648) thrown at [C:\re\workspace\8-2-build-windows-amd64-cygwin\jdk8u60\4407\hotspot\src\share\vm\prims\jni.cpp, line 709]
Event: 10.248 Thread 0x000000001b904000 Exception <a 'sun/nio/fs/WindowsException'> (0x00000000d7ef1220) thrown at [C:\re\workspace\8-2-build-windows-amd64-cygwin\jdk8u60\4407\hotspot\src\share\vm\prims\jni.cpp, line 709]
Event: 10.248 Thread 0x000000001b904000 Exception <a 'sun/nio/fs/WindowsException'> (0x00000000d7ef1be0) thrown at [C:\re\workspace\8-2-build-windows-amd64-cygwin\jdk8u60\4407\hotspot\src\share\vm\prims\jni.cpp, line 709]
Event: 10.248 Thread 0x000000001b904000 Exception <a 'sun/nio/fs/WindowsException'> (0x00000000d7ef3218) thrown at [C:\re\workspace\8-2-build-windows-amd64-cygwin\jdk8u60\4407\hotspot\src\share\vm\prims\jni.cpp, line 709]
Event: 10.248 Thread 0x000000001b904000 Exception <a 'sun/nio/fs/WindowsException'> (0x00000000d7ef3c10) thrown at [C:\re\workspace\8-2-build-windows-amd64-cygwin\jdk8u60\4407\hotspot\src\share\vm\prims\jni.cpp, line 709]
Event: 10.255 Thread 0x000000001b904000 Exception <a 'sun/nio/fs/WindowsException'> (0x00000000d7ef77e8) thrown at [C:\re\workspace\8-2-build-windows-amd64-cygwin\jdk8u60\4407\hotspot\src\share\vm\prims\jni.cpp, line 709]
Event: 10.255 Thread 0x000000001b904000 Exception <a 'sun/nio/fs/WindowsException'> (0x00000000d7ef8198) thrown at [C:\re\workspace\8-2-build-windows-amd64-cygwin\jdk8u60\4407\hotspot\src\share\vm\prims\jni.cpp, line 709]
Event: 10.256 Thread 0x000000001b904000 Exception <a 'sun/nio/fs/WindowsException'> (0x00000000d7ef97a8) thrown at [C:\re\workspace\8-2-build-windows-amd64-cygwin\jdk8u60\4407\hotspot\src\share\vm\prims\jni.cpp, line 709]
Event: 10.256 Thread 0x000000001b904000 Exception <a 'sun/nio/fs/WindowsException'> (0x00000000d7efa198) thrown at [C:\re\workspace\8-2-build-windows-amd64-cygwin\jdk8u60\4407\hotspot\src\share\vm\prims\jni.cpp, line 709]

Events (10 events):
Event: 10.199 loading class java/nio/file/attribute/FileAttributeView done
Event: 10.199 loading class java/nio/file/attribute/BasicFileAttributeView done
Event: 10.199 loading class sun/nio/fs/WindowsFileAttributeViews
Event: 10.199 loading class sun/nio/fs/WindowsFileAttributeViews done
Event: 10.199 loading class sun/nio/fs/WindowsFileAttributeViews$Basic
Event: 10.199 loading class sun/nio/fs/AbstractBasicFileAttributeView
Event: 10.199 loading class sun/nio/fs/DynamicFileAttributeView
Event: 10.199 loading class sun/nio/fs/DynamicFileAttributeView done
Event: 10.199 loading class sun/nio/fs/AbstractBasicFileAttributeView done
Event: 10.199 loading class sun/nio/fs/WindowsFileAttributeViews$Basic done


Dynamic libraries:
0x00007ff78a650000 - 0x00007ff78a687000 	C:\Program Files\Java\jdk1.8.0_60\bin\java.exe
0x00007fff23b00000 - 0x00007fff23cd1000 	C:\WINDOWS\SYSTEM32\ntdll.dll
0x00007fff238b0000 - 0x00007fff2395b000 	C:\WINDOWS\System32\KERNEL32.DLL
0x00007fff0a4a0000 - 0x00007fff0a4d3000 	C:\Program Files\AVAST Software\Avast\x64\aswhooka.dll
0x00007fff207f0000 - 0x00007fff20a0d000 	C:\WINDOWS\System32\KERNELBASE.dll
0x00007fff218e0000 - 0x00007fff21982000 	C:\WINDOWS\System32\ADVAPI32.dll
0x00007fff22eb0000 - 0x00007fff22f4e000 	C:\WINDOWS\System32\msvcrt.dll
0x00007fff23680000 - 0x00007fff236d9000 	C:\WINDOWS\System32\sechost.dll
0x00007fff217b0000 - 0x00007fff218d1000 	C:\WINDOWS\System32\RPCRT4.dll
0x00007fff21090000 - 0x00007fff211f5000 	C:\WINDOWS\System32\USER32.dll
0x00007fff20d10000 - 0x00007fff20d2e000 	C:\WINDOWS\System32\win32u.dll
0x00007fff21700000 - 0x00007fff21734000 	C:\WINDOWS\System32\GDI32.dll
0x00007fff20d30000 - 0x00007fff20eb2000 	C:\WINDOWS\System32\gdi32full.dll
0x00007fff0d7f0000 - 0x00007fff0da6a000 	C:\WINDOWS\WinSxS\amd64_microsoft.windows.common-controls_6595b64144ccf1df_6.0.14393.953_none_42151e83c686086b\COMCTL32.dll
0x00007fff23080000 - 0x00007fff23348000 	C:\WINDOWS\System32\combase.dll
0x00007fff20a10000 - 0x00007fff20b05000 	C:\WINDOWS\System32\ucrtbase.dll
0x00007fff200a0000 - 0x00007fff2010a000 	C:\WINDOWS\System32\bcryptPrimitives.dll
0x00007fff23880000 - 0x00007fff238ae000 	C:\WINDOWS\System32\IMM32.DLL
0x00000000768d0000 - 0x00000000769a2000 	C:\Program Files\Java\jdk1.8.0_60\jre\bin\msvcr100.dll
0x0000000076040000 - 0x00000000768c9000 	C:\Program Files\Java\jdk1.8.0_60\jre\bin\server\jvm.dll
0x00007fff23650000 - 0x00007fff23658000 	C:\WINDOWS\System32\PSAPI.DLL
0x00007fff0f9b0000 - 0x00007fff0f9b9000 	C:\WINDOWS\SYSTEM32\WSOCK32.dll
0x00007fff23010000 - 0x00007fff2307a000 	C:\WINDOWS\System32\WS2_32.dll
0x00007fff1e1e0000 - 0x00007fff1e203000 	C:\WINDOWS\SYSTEM32\WINMM.dll
0x00007fff152e0000 - 0x00007fff152ea000 	C:\WINDOWS\SYSTEM32\VERSION.dll
0x00007fff1dad0000 - 0x00007fff1dafb000 	C:\WINDOWS\SYSTEM32\WINMMBASE.dll
0x00007fff20b10000 - 0x00007fff20b52000 	C:\WINDOWS\System32\cfgmgr32.dll
0x0000000051360000 - 0x000000005136f000 	C:\Program Files\Java\jdk1.8.0_60\jre\bin\verify.dll
0x0000000076f30000 - 0x0000000076f59000 	C:\Program Files\Java\jdk1.8.0_60\jre\bin\java.dll
0x0000000076f10000 - 0x0000000076f26000 	C:\Program Files\Java\jdk1.8.0_60\jre\bin\zip.dll
0x00007fff219a0000 - 0x00007fff22ea9000 	C:\WINDOWS\System32\SHELL32.dll
0x00007fff20110000 - 0x00007fff207ea000 	C:\WINDOWS\System32\windows.storage.dll
0x00007fff1ffa0000 - 0x00007fff1ffec000 	C:\WINDOWS\System32\powrprof.dll
0x00007fff23aa0000 - 0x00007fff23af2000 	C:\WINDOWS\System32\shlwapi.dll
0x00007fff1ff90000 - 0x00007fff1ff9f000 	C:\WINDOWS\System32\kernel.appcore.dll
0x00007fff20b60000 - 0x00007fff20c09000 	C:\WINDOWS\System32\shcore.dll
0x00007fff1ff60000 - 0x00007fff1ff74000 	C:\WINDOWS\System32\profapi.dll
0x0000000076ef0000 - 0x0000000076f0a000 	C:\Program Files\Java\jdk1.8.0_60\jre\bin\net.dll
0x00007fff1f890000 - 0x00007fff1f8ec000 	C:\WINDOWS\system32\mswsock.dll
0x0000000076ed0000 - 0x0000000076ee1000 	C:\Program Files\Java\jdk1.8.0_60\jre\bin\nio.dll
0x00007fff17610000 - 0x00007fff17622000 	C:\Users\sakan_000\.gradle\native\19\windows-amd64\native-platform.dll
0x00007fff1fa40000 - 0x00007fff1fa57000 	C:\WINDOWS\SYSTEM32\CRYPTSP.dll
0x00007fff1f490000 - 0x00007fff1f4c3000 	C:\WINDOWS\system32\rsaenh.dll
0x00007fff1fb40000 - 0x00007fff1fb6b000 	C:\WINDOWS\SYSTEM32\bcrypt.dll
0x00007fff1f720000 - 0x00007fff1f73f000 	C:\WINDOWS\SYSTEM32\USERENV.dll
0x00007fff1fa30000 - 0x00007fff1fa3b000 	C:\WINDOWS\SYSTEM32\CRYPTBASE.dll
0x00007fff1f610000 - 0x00007fff1f648000 	C:\WINDOWS\SYSTEM32\IPHLPAPI.DLL
0x00007fff21990000 - 0x00007fff21998000 	C:\WINDOWS\System32\NSI.dll
0x00007fff1ae50000 - 0x00007fff1ae66000 	C:\WINDOWS\SYSTEM32\dhcpcsvc6.DLL
0x00007fff1ae30000 - 0x00007fff1ae4a000 	C:\WINDOWS\SYSTEM32\dhcpcsvc.DLL
0x0000000050000000 - 0x000000005000d000 	C:\Program Files\Java\jdk1.8.0_60\jre\bin\management.dll

VM Arguments:
jvm_args: -Xmx2048m -Dfile.encoding=x-windows-949 -Duser.country=GB -Duser.language=en -Duser.variant 
java_command: org.gradle.launcher.daemon.bootstrap.GradleDaemon 2.14.1
java_class_path (initial): C:\Users\sakan_000\.gradle\wrapper\dists\gradle-2.14.1-all\53l0mv9mggp9q5m2ip574m21oh\gradle-2.14.1\lib\gradle-launcher-2.14.1.jar
Launcher Type: SUN_STANDARD

Environment Variables:
JAVA_HOME=C:\Program Files\Java\jdk1.8.0_60
CLASSPATH=C:\Users\sakan_000\Documents\Github\NHS-WhatsThePlan\App\platforms\android\\gradle\wrapper\gradle-wrapper.jar
USERNAME=bymi15
OS=Windows_NT
PROCESSOR_IDENTIFIER=Intel64 Family 6 Model 60 Stepping 3, GenuineIntel



---------------  S Y S T E M  ---------------

OS: Windows 10.0 , 64 bit Build 14393 (10.0.14393.0)

CPU:total 8 (4 cores per cpu, 2 threads per core) family 6 model 60 stepping 3, cmov, cx8, fxsr, mmx, sse, sse2, sse3, ssse3, sse4.1, sse4.2, popcnt, avx, avx2, aes, clmul, erms, lzcnt, ht, tsc, tscinvbit, bmi1, bmi2

Memory: 4k page, physical 8298776k(1718956k free), swap 10253592k(5184k free)

vm_info: Java HotSpot(TM) 64-Bit Server VM (25.60-b23) for windows-amd64 JRE (1.8.0_60-b27), built on Aug  4 2015 11:06:27 by "java_re" with MS VC++ 10.0 (VS2010)

time: Mon Apr 03 22:32:47 2017
elapsed time: 10 seconds (0d 0h 0m 10s)

